{"/Users/thomas/Documents/GitHub/homepage-config-editor/homepage-config-gui/src/App.js": {"path":"/Users/thomas/Documents/GitHub/homepage-config-editor/homepage-config-gui/src/App.js","statementMap":{"0":{"start":{"line":4,"column":26},"end":{"line":3797,"column":1}},"1":{"start":{"line":5,"column":36},"end":{"line":5,"column":56}},"2":{"start":{"line":6,"column":50},"end":{"line":6,"column":62}},"3":{"start":{"line":7,"column":40},"end":{"line":7,"column":52}},"4":{"start":{"line":8,"column":44},"end":{"line":8,"column":56}},"5":{"start":{"line":11,"column":50},"end":{"line":15,"column":4}},"6":{"start":{"line":17,"column":40},"end":{"line":17,"column":52}},"7":{"start":{"line":18,"column":36},"end":{"line":18,"column":51}},"8":{"start":{"line":20,"column":25},"end":{"line":957,"column":3}},"9":{"start":{"line":959,"column":30},"end":{"line":978,"column":4}},"10":{"start":{"line":980,"column":46},"end":{"line":999,"column":4}},"11":{"start":{"line":1001,"column":42},"end":{"line":1001,"column":56}},"12":{"start":{"line":1002,"column":46},"end":{"line":1002,"column":60}},"13":{"start":{"line":1005,"column":54},"end":{"line":1020,"column":4}},"14":{"start":{"line":1023,"column":32},"end":{"line":1038,"column":3}},"15":{"start":{"line":1024,"column":4},"end":{"line":1037,"column":5}},"16":{"start":{"line":1025,"column":23},"end":{"line":1025,"column":56}},"17":{"start":{"line":1026,"column":19},"end":{"line":1026,"column":40}},"18":{"start":{"line":1027,"column":6},"end":{"line":1032,"column":9}},"19":{"start":{"line":1033,"column":6},"end":{"line":1033,"column":18}},"20":{"start":{"line":1035,"column":6},"end":{"line":1035,"column":73}},"21":{"start":{"line":1035,"column":35},"end":{"line":1035,"column":70}},"22":{"start":{"line":1036,"column":6},"end":{"line":1036,"column":18}},"23":{"start":{"line":1040,"column":31},"end":{"line":1086,"column":3}},"24":{"start":{"line":1041,"column":4},"end":{"line":1041,"column":48}},"25":{"start":{"line":1041,"column":35},"end":{"line":1041,"column":48}},"26":{"start":{"line":1043,"column":4},"end":{"line":1085,"column":5}},"27":{"start":{"line":1044,"column":6},"end":{"line":1044,"column":25}},"28":{"start":{"line":1045,"column":23},"end":{"line":1045,"column":57}},"29":{"start":{"line":1047,"column":6},"end":{"line":1050,"column":7}},"30":{"start":{"line":1049,"column":8},"end":{"line":1049,"column":20}},"31":{"start":{"line":1052,"column":6},"end":{"line":1054,"column":7}},"32":{"start":{"line":1053,"column":8},"end":{"line":1053,"column":64}},"33":{"start":{"line":1056,"column":19},"end":{"line":1056,"column":40}},"34":{"start":{"line":1059,"column":6},"end":{"line":1077,"column":7}},"35":{"start":{"line":1060,"column":8},"end":{"line":1076,"column":9}},"36":{"start":{"line":1061,"column":25},"end":{"line":1061,"column":48}},"37":{"start":{"line":1062,"column":10},"end":{"line":1070,"column":11}},"38":{"start":{"line":1063,"column":12},"end":{"line":1063,"column":51}},"39":{"start":{"line":1064,"column":17},"end":{"line":1070,"column":11}},"40":{"start":{"line":1065,"column":12},"end":{"line":1065,"column":64}},"41":{"start":{"line":1065,"column":39},"end":{"line":1065,"column":61}},"42":{"start":{"line":1066,"column":17},"end":{"line":1070,"column":11}},"43":{"start":{"line":1067,"column":12},"end":{"line":1069,"column":13}},"44":{"start":{"line":1068,"column":14},"end":{"line":1068,"column":65}},"45":{"start":{"line":1071,"column":10},"end":{"line":1071,"column":71}},"46":{"start":{"line":1072,"column":10},"end":{"line":1072,"column":29}},"47":{"start":{"line":1074,"column":10},"end":{"line":1074,"column":89}},"48":{"start":{"line":1075,"column":10},"end":{"line":1075,"column":23}},"49":{"start":{"line":1079,"column":6},"end":{"line":1079,"column":18}},"50":{"start":{"line":1081,"column":6},"end":{"line":1081,"column":79}},"51":{"start":{"line":1082,"column":6},"end":{"line":1082,"column":19}},"52":{"start":{"line":1084,"column":6},"end":{"line":1084,"column":26}},"53":{"start":{"line":1088,"column":29},"end":{"line":1135,"column":3}},"54":{"start":{"line":1089,"column":4},"end":{"line":1089,"column":48}},"55":{"start":{"line":1089,"column":35},"end":{"line":1089,"column":48}},"56":{"start":{"line":1091,"column":4},"end":{"line":1134,"column":5}},"57":{"start":{"line":1092,"column":6},"end":{"line":1092,"column":25}},"58":{"start":{"line":1095,"column":6},"end":{"line":1101,"column":7}},"59":{"start":{"line":1096,"column":8},"end":{"line":1096,"column":33}},"60":{"start":{"line":1097,"column":13},"end":{"line":1101,"column":7}},"61":{"start":{"line":1098,"column":8},"end":{"line":1098,"column":41}},"62":{"start":{"line":1099,"column":13},"end":{"line":1101,"column":7}},"63":{"start":{"line":1100,"column":8},"end":{"line":1100,"column":40}},"64":{"start":{"line":1103,"column":6},"end":{"line":1106,"column":7}},"65":{"start":{"line":1104,"column":8},"end":{"line":1104,"column":59}},"66":{"start":{"line":1105,"column":8},"end":{"line":1105,"column":21}},"67":{"start":{"line":1108,"column":23},"end":{"line":1114,"column":8}},"68":{"start":{"line":1116,"column":6},"end":{"line":1119,"column":7}},"69":{"start":{"line":1117,"column":26},"end":{"line":1117,"column":47}},"70":{"start":{"line":1118,"column":8},"end":{"line":1118,"column":83}},"71":{"start":{"line":1121,"column":19},"end":{"line":1121,"column":40}},"72":{"start":{"line":1122,"column":6},"end":{"line":1122,"column":70}},"73":{"start":{"line":1123,"column":6},"end":{"line":1123,"column":25}},"74":{"start":{"line":1126,"column":6},"end":{"line":1126,"column":27}},"75":{"start":{"line":1128,"column":6},"end":{"line":1128,"column":18}},"76":{"start":{"line":1130,"column":6},"end":{"line":1130,"column":79}},"77":{"start":{"line":1131,"column":6},"end":{"line":1131,"column":19}},"78":{"start":{"line":1133,"column":6},"end":{"line":1133,"column":26}},"79":{"start":{"line":1137,"column":25},"end":{"line":1149,"column":3}},"80":{"start":{"line":1138,"column":4},"end":{"line":1138,"column":42}},"81":{"start":{"line":1138,"column":35},"end":{"line":1138,"column":42}},"82":{"start":{"line":1140,"column":4},"end":{"line":1148,"column":5}},"83":{"start":{"line":1141,"column":23},"end":{"line":1141,"column":65}},"84":{"start":{"line":1142,"column":6},"end":{"line":1145,"column":7}},"85":{"start":{"line":1143,"column":24},"end":{"line":1143,"column":45}},"86":{"start":{"line":1144,"column":8},"end":{"line":1144,"column":32}},"87":{"start":{"line":1147,"column":6},"end":{"line":1147,"column":58}},"88":{"start":{"line":1152,"column":23},"end":{"line":1173,"column":3}},"89":{"start":{"line":1153,"column":4},"end":{"line":1153,"column":48}},"90":{"start":{"line":1153,"column":35},"end":{"line":1153,"column":48}},"91":{"start":{"line":1155,"column":4},"end":{"line":1172,"column":5}},"92":{"start":{"line":1156,"column":23},"end":{"line":1158,"column":8}},"93":{"start":{"line":1160,"column":6},"end":{"line":1168,"column":7}},"94":{"start":{"line":1161,"column":8},"end":{"line":1161,"column":56}},"95":{"start":{"line":1162,"column":8},"end":{"line":1162,"column":29}},"96":{"start":{"line":1163,"column":8},"end":{"line":1163,"column":20}},"97":{"start":{"line":1165,"column":26},"end":{"line":1165,"column":47}},"98":{"start":{"line":1166,"column":8},"end":{"line":1166,"column":69}},"99":{"start":{"line":1167,"column":8},"end":{"line":1167,"column":21}},"100":{"start":{"line":1170,"column":6},"end":{"line":1170,"column":66}},"101":{"start":{"line":1171,"column":6},"end":{"line":1171,"column":19}},"102":{"start":{"line":1176,"column":2},"end":{"line":1178,"column":9}},"103":{"start":{"line":1177,"column":4},"end":{"line":1177,"column":28}},"104":{"start":{"line":1180,"column":19},"end":{"line":1192,"column":3}},"105":{"start":{"line":1181,"column":21},"end":{"line":1186,"column":5}},"106":{"start":{"line":1187,"column":4},"end":{"line":1190,"column":8}},"107":{"start":{"line":1187,"column":23},"end":{"line":1190,"column":5}},"108":{"start":{"line":1191,"column":4},"end":{"line":1191,"column":33}},"109":{"start":{"line":1194,"column":21},"end":{"line":1217,"column":3}},"110":{"start":{"line":1195,"column":23},"end":{"line":1206,"column":5}},"111":{"start":{"line":1208,"column":4},"end":{"line":1215,"column":8}},"112":{"start":{"line":1208,"column":23},"end":{"line":1215,"column":5}},"113":{"start":{"line":1211,"column":8},"end":{"line":1213,"column":17}},"114":{"start":{"line":1216,"column":4},"end":{"line":1216,"column":56}},"115":{"start":{"line":1216,"column":23},"end":{"line":1216,"column":56}},"116":{"start":{"line":1219,"column":26},"end":{"line":1225,"column":3}},"117":{"start":{"line":1220,"column":28},"end":{"line":1220,"column":53}},"118":{"start":{"line":1221,"column":4},"end":{"line":1224,"column":5}},"119":{"start":{"line":1222,"column":6},"end":{"line":1222,"column":59}},"120":{"start":{"line":1223,"column":6},"end":{"line":1223,"column":64}},"121":{"start":{"line":1223,"column":35},"end":{"line":1223,"column":61}},"122":{"start":{"line":1227,"column":36},"end":{"line":1233,"column":3}},"123":{"start":{"line":1228,"column":28},"end":{"line":1228,"column":72}},"124":{"start":{"line":1229,"column":4},"end":{"line":1232,"column":5}},"125":{"start":{"line":1230,"column":6},"end":{"line":1230,"column":81}},"126":{"start":{"line":1231,"column":6},"end":{"line":1231,"column":83}},"127":{"start":{"line":1231,"column":35},"end":{"line":1231,"column":80}},"128":{"start":{"line":1235,"column":22},"end":{"line":1242,"column":3}},"129":{"start":{"line":1236,"column":4},"end":{"line":1241,"column":8}},"130":{"start":{"line":1236,"column":23},"end":{"line":1241,"column":5}},"131":{"start":{"line":1239,"column":8},"end":{"line":1239,"column":63}},"132":{"start":{"line":1244,"column":22},"end":{"line":1260,"column":3}},"133":{"start":{"line":1245,"column":24},"end":{"line":1249,"column":5}},"134":{"start":{"line":1251,"column":4},"end":{"line":1258,"column":8}},"135":{"start":{"line":1251,"column":23},"end":{"line":1258,"column":5}},"136":{"start":{"line":1254,"column":8},"end":{"line":1256,"column":17}},"137":{"start":{"line":1259,"column":4},"end":{"line":1259,"column":36}},"138":{"start":{"line":1262,"column":25},"end":{"line":1276,"column":3}},"139":{"start":{"line":1263,"column":4},"end":{"line":1275,"column":8}},"140":{"start":{"line":1263,"column":23},"end":{"line":1275,"column":5}},"141":{"start":{"line":1266,"column":8},"end":{"line":1273,"column":17}},"142":{"start":{"line":1270,"column":16},"end":{"line":1270,"column":83}},"143":{"start":{"line":1278,"column":25},"end":{"line":1290,"column":3}},"144":{"start":{"line":1279,"column":4},"end":{"line":1289,"column":8}},"145":{"start":{"line":1279,"column":23},"end":{"line":1289,"column":5}},"146":{"start":{"line":1282,"column":8},"end":{"line":1287,"column":17}},"147":{"start":{"line":1285,"column":68},"end":{"line":1285,"column":94}},"148":{"start":{"line":1292,"column":31},"end":{"line":1322,"column":3}},"149":{"start":{"line":1293,"column":23},"end":{"line":1304,"column":5}},"150":{"start":{"line":1306,"column":4},"end":{"line":1320,"column":8}},"151":{"start":{"line":1306,"column":23},"end":{"line":1320,"column":5}},"152":{"start":{"line":1309,"column":8},"end":{"line":1318,"column":17}},"153":{"start":{"line":1313,"column":16},"end":{"line":1315,"column":28}},"154":{"start":{"line":1321,"column":4},"end":{"line":1321,"column":56}},"155":{"start":{"line":1321,"column":23},"end":{"line":1321,"column":56}},"156":{"start":{"line":1324,"column":24},"end":{"line":1340,"column":3}},"157":{"start":{"line":1325,"column":4},"end":{"line":1339,"column":8}},"158":{"start":{"line":1325,"column":23},"end":{"line":1339,"column":5}},"159":{"start":{"line":1327,"column":40},"end":{"line":1338,"column":7}},"160":{"start":{"line":1330,"column":10},"end":{"line":1330,"column":73}},"161":{"start":{"line":1332,"column":60},"end":{"line":1337,"column":9}},"162":{"start":{"line":1335,"column":12},"end":{"line":1335,"column":75}},"163":{"start":{"line":1342,"column":22},"end":{"line":1347,"column":3}},"164":{"start":{"line":1343,"column":4},"end":{"line":1346,"column":8}},"165":{"start":{"line":1343,"column":23},"end":{"line":1346,"column":5}},"166":{"start":{"line":1345,"column":42},"end":{"line":1345,"column":62}},"167":{"start":{"line":1349,"column":24},"end":{"line":1361,"column":3}},"168":{"start":{"line":1350,"column":4},"end":{"line":1360,"column":8}},"169":{"start":{"line":1350,"column":23},"end":{"line":1360,"column":5}},"170":{"start":{"line":1352,"column":40},"end":{"line":1359,"column":7}},"171":{"start":{"line":1354,"column":51},"end":{"line":1354,"column":75}},"172":{"start":{"line":1355,"column":60},"end":{"line":1358,"column":9}},"173":{"start":{"line":1357,"column":56},"end":{"line":1357,"column":80}},"174":{"start":{"line":1363,"column":20},"end":{"line":1562,"column":3}},"175":{"start":{"line":1365,"column":26},"end":{"line":1395,"column":5}},"176":{"start":{"line":1366,"column":6},"end":{"line":1394,"column":41}},"177":{"start":{"line":1398,"column":23},"end":{"line":1416,"column":5}},"178":{"start":{"line":1399,"column":6},"end":{"line":1399,"column":59}},"179":{"start":{"line":1399,"column":49},"end":{"line":1399,"column":59}},"180":{"start":{"line":1401,"column":22},"end":{"line":1401,"column":42}},"181":{"start":{"line":1404,"column":6},"end":{"line":1406,"column":7}},"182":{"start":{"line":1405,"column":8},"end":{"line":1405,"column":50}},"183":{"start":{"line":1409,"column":6},"end":{"line":1412,"column":7}},"184":{"start":{"line":1410,"column":20},"end":{"line":1410,"column":41}},"185":{"start":{"line":1411,"column":8},"end":{"line":1411,"column":43}},"186":{"start":{"line":1415,"column":6},"end":{"line":1415,"column":49}},"187":{"start":{"line":1419,"column":23},"end":{"line":1419,"column":106}},"188":{"start":{"line":1419,"column":35},"end":{"line":1419,"column":106}},"189":{"start":{"line":1421,"column":4},"end":{"line":1561,"column":5}},"190":{"start":{"line":1422,"column":32},"end":{"line":1422,"column":58}},"191":{"start":{"line":1423,"column":20},"end":{"line":1423,"column":49}},"192":{"start":{"line":1424,"column":21},"end":{"line":1424,"column":23}},"193":{"start":{"line":1425,"column":25},"end":{"line":1425,"column":29}},"194":{"start":{"line":1426,"column":28},"end":{"line":1426,"column":32}},"195":{"start":{"line":1427,"column":27},"end":{"line":1427,"column":31}},"196":{"start":{"line":1428,"column":27},"end":{"line":1428,"column":31}},"197":{"start":{"line":1429,"column":24},"end":{"line":1429,"column":26}},"198":{"start":{"line":1431,"column":6},"end":{"line":1538,"column":7}},"199":{"start":{"line":1431,"column":19},"end":{"line":1431,"column":20}},"200":{"start":{"line":1432,"column":21},"end":{"line":1432,"column":29}},"201":{"start":{"line":1433,"column":24},"end":{"line":1433,"column":35}},"202":{"start":{"line":1435,"column":8},"end":{"line":1435,"column":58}},"203":{"start":{"line":1435,"column":49},"end":{"line":1435,"column":58}},"204":{"start":{"line":1438,"column":23},"end":{"line":1438,"column":53}},"205":{"start":{"line":1441,"column":8},"end":{"line":1446,"column":9}},"206":{"start":{"line":1442,"column":25},"end":{"line":1442,"column":42}},"207":{"start":{"line":1443,"column":10},"end":{"line":1445,"column":11}},"208":{"start":{"line":1444,"column":12},"end":{"line":1444,"column":34}},"209":{"start":{"line":1449,"column":8},"end":{"line":1537,"column":9}},"210":{"start":{"line":1450,"column":28},"end":{"line":1450,"column":83}},"211":{"start":{"line":1451,"column":10},"end":{"line":1463,"column":11}},"212":{"start":{"line":1452,"column":12},"end":{"line":1457,"column":14}},"213":{"start":{"line":1458,"column":12},"end":{"line":1458,"column":38}},"214":{"start":{"line":1459,"column":12},"end":{"line":1459,"column":35}},"215":{"start":{"line":1460,"column":12},"end":{"line":1460,"column":34}},"216":{"start":{"line":1461,"column":12},"end":{"line":1461,"column":34}},"217":{"start":{"line":1462,"column":12},"end":{"line":1462,"column":71}},"218":{"start":{"line":1466,"column":13},"end":{"line":1537,"column":9}},"219":{"start":{"line":1467,"column":30},"end":{"line":1467,"column":85}},"220":{"start":{"line":1468,"column":10},"end":{"line":1504,"column":11}},"221":{"start":{"line":1470,"column":37},"end":{"line":1470,"column":74}},"222":{"start":{"line":1472,"column":12},"end":{"line":1503,"column":13}},"223":{"start":{"line":1474,"column":14},"end":{"line":1478,"column":16}},"224":{"start":{"line":1479,"column":14},"end":{"line":1479,"column":59}},"225":{"start":{"line":1480,"column":14},"end":{"line":1480,"column":36}},"226":{"start":{"line":1481,"column":14},"end":{"line":1481,"column":80}},"227":{"start":{"line":1484,"column":14},"end":{"line":1493,"column":16}},"228":{"start":{"line":1495,"column":14},"end":{"line":1499,"column":15}},"229":{"start":{"line":1496,"column":16},"end":{"line":1496,"column":62}},"230":{"start":{"line":1498,"column":16},"end":{"line":1498,"column":59}},"231":{"start":{"line":1501,"column":14},"end":{"line":1501,"column":36}},"232":{"start":{"line":1502,"column":14},"end":{"line":1502,"column":79}},"233":{"start":{"line":1507,"column":13},"end":{"line":1537,"column":9}},"234":{"start":{"line":1508,"column":29},"end":{"line":1508,"column":49}},"235":{"start":{"line":1509,"column":22},"end":{"line":1509,"column":75}},"236":{"start":{"line":1510,"column":24},"end":{"line":1510,"column":76}},"237":{"start":{"line":1512,"column":10},"end":{"line":1536,"column":11}},"238":{"start":{"line":1513,"column":12},"end":{"line":1513,"column":67}},"239":{"start":{"line":1514,"column":12},"end":{"line":1514,"column":38}},"240":{"start":{"line":1515,"column":12},"end":{"line":1515,"column":57}},"241":{"start":{"line":1516,"column":17},"end":{"line":1536,"column":11}},"242":{"start":{"line":1517,"column":12},"end":{"line":1517,"column":91}},"243":{"start":{"line":1518,"column":12},"end":{"line":1518,"column":36}},"244":{"start":{"line":1519,"column":12},"end":{"line":1519,"column":55}},"245":{"start":{"line":1520,"column":17},"end":{"line":1536,"column":11}},"246":{"start":{"line":1521,"column":12},"end":{"line":1525,"column":98}},"247":{"start":{"line":1521,"column":32},"end":{"line":1521,"column":67}},"248":{"start":{"line":1522,"column":17},"end":{"line":1525,"column":98}},"249":{"start":{"line":1522,"column":95},"end":{"line":1522,"column":129}},"250":{"start":{"line":1523,"column":17},"end":{"line":1525,"column":98}},"251":{"start":{"line":1523,"column":96},"end":{"line":1523,"column":130}},"252":{"start":{"line":1524,"column":17},"end":{"line":1525,"column":98}},"253":{"start":{"line":1524,"column":59},"end":{"line":1524,"column":98}},"254":{"start":{"line":1525,"column":17},"end":{"line":1525,"column":98}},"255":{"start":{"line":1525,"column":59},"end":{"line":1525,"column":98}},"256":{"start":{"line":1526,"column":17},"end":{"line":1536,"column":11}},"257":{"start":{"line":1527,"column":12},"end":{"line":1530,"column":83}},"258":{"start":{"line":1527,"column":70},"end":{"line":1527,"column":102}},"259":{"start":{"line":1528,"column":17},"end":{"line":1530,"column":83}},"260":{"start":{"line":1528,"column":41},"end":{"line":1528,"column":111}},"261":{"start":{"line":1529,"column":17},"end":{"line":1530,"column":83}},"262":{"start":{"line":1529,"column":40},"end":{"line":1529,"column":85}},"263":{"start":{"line":1530,"column":17},"end":{"line":1530,"column":83}},"264":{"start":{"line":1530,"column":39},"end":{"line":1530,"column":83}},"265":{"start":{"line":1533,"column":12},"end":{"line":1535,"column":65}},"266":{"start":{"line":1533,"column":49},"end":{"line":1533,"column":77}},"267":{"start":{"line":1534,"column":17},"end":{"line":1535,"column":65}},"268":{"start":{"line":1534,"column":44},"end":{"line":1534,"column":79}},"269":{"start":{"line":1535,"column":17},"end":{"line":1535,"column":65}},"270":{"start":{"line":1535,"column":37},"end":{"line":1535,"column":65}},"271":{"start":{"line":1541,"column":6},"end":{"line":1555,"column":9}},"272":{"start":{"line":1542,"column":8},"end":{"line":1554,"column":11}},"273":{"start":{"line":1542,"column":63},"end":{"line":1542,"column":74}},"274":{"start":{"line":1543,"column":10},"end":{"line":1545,"column":11}},"275":{"start":{"line":1544,"column":12},"end":{"line":1544,"column":39}},"276":{"start":{"line":1547,"column":10},"end":{"line":1549,"column":11}},"277":{"start":{"line":1548,"column":12},"end":{"line":1548,"column":32}},"278":{"start":{"line":1551,"column":10},"end":{"line":1553,"column":11}},"279":{"start":{"line":1552,"column":12},"end":{"line":1552,"column":34}},"280":{"start":{"line":1557,"column":6},"end":{"line":1557,"column":20}},"281":{"start":{"line":1559,"column":6},"end":{"line":1559,"column":83}},"282":{"start":{"line":1560,"column":6},"end":{"line":1560,"column":42}},"283":{"start":{"line":1565,"column":26},"end":{"line":1606,"column":3}},"284":{"start":{"line":1566,"column":18},"end":{"line":1566,"column":41}},"285":{"start":{"line":1567,"column":19},"end":{"line":1567,"column":21}},"286":{"start":{"line":1568,"column":23},"end":{"line":1568,"column":27}},"287":{"start":{"line":1569,"column":25},"end":{"line":1569,"column":29}},"288":{"start":{"line":1571,"column":4},"end":{"line":1603,"column":5}},"289":{"start":{"line":1572,"column":22},"end":{"line":1572,"column":33}},"290":{"start":{"line":1573,"column":6},"end":{"line":1573,"column":56}},"291":{"start":{"line":1573,"column":47},"end":{"line":1573,"column":56}},"292":{"start":{"line":1575,"column":6},"end":{"line":1602,"column":7}},"293":{"start":{"line":1577,"column":26},"end":{"line":1577,"column":78}},"294":{"start":{"line":1578,"column":8},"end":{"line":1586,"column":9}},"295":{"start":{"line":1579,"column":10},"end":{"line":1584,"column":12}},"296":{"start":{"line":1585,"column":10},"end":{"line":1585,"column":36}},"297":{"start":{"line":1587,"column":13},"end":{"line":1602,"column":7}},"298":{"start":{"line":1589,"column":28},"end":{"line":1589,"column":80}},"299":{"start":{"line":1590,"column":8},"end":{"line":1601,"column":9}},"300":{"start":{"line":1591,"column":10},"end":{"line":1599,"column":12}},"301":{"start":{"line":1600,"column":10},"end":{"line":1600,"column":53}},"302":{"start":{"line":1605,"column":4},"end":{"line":1605,"column":18}},"303":{"start":{"line":1608,"column":23},"end":{"line":1706,"column":3}},"304":{"start":{"line":1609,"column":17},"end":{"line":1609,"column":38}},"305":{"start":{"line":1610,"column":4},"end":{"line":1610,"column":22}},"306":{"start":{"line":1610,"column":15},"end":{"line":1610,"column":22}},"307":{"start":{"line":1613,"column":21},"end":{"line":1613,"column":44}},"308":{"start":{"line":1614,"column":28},"end":{"line":1614,"column":53}},"309":{"start":{"line":1615,"column":24},"end":{"line":1618,"column":57}},"310":{"start":{"line":1615,"column":52},"end":{"line":1615,"column":74}},"311":{"start":{"line":1620,"column":4},"end":{"line":1625,"column":5}},"312":{"start":{"line":1621,"column":6},"end":{"line":1621,"column":118}},"313":{"start":{"line":1622,"column":6},"end":{"line":1622,"column":27}},"314":{"start":{"line":1623,"column":6},"end":{"line":1623,"column":30}},"315":{"start":{"line":1624,"column":6},"end":{"line":1624,"column":13}},"316":{"start":{"line":1628,"column":4},"end":{"line":1633,"column":5}},"317":{"start":{"line":1629,"column":6},"end":{"line":1629,"column":84}},"318":{"start":{"line":1630,"column":6},"end":{"line":1630,"column":27}},"319":{"start":{"line":1631,"column":6},"end":{"line":1631,"column":30}},"320":{"start":{"line":1632,"column":6},"end":{"line":1632,"column":13}},"321":{"start":{"line":1635,"column":19},"end":{"line":1635,"column":35}},"322":{"start":{"line":1636,"column":4},"end":{"line":1695,"column":6}},"323":{"start":{"line":1637,"column":6},"end":{"line":1694,"column":7}},"324":{"start":{"line":1638,"column":28},"end":{"line":1638,"column":43}},"325":{"start":{"line":1639,"column":8},"end":{"line":1641,"column":9}},"326":{"start":{"line":1640,"column":10},"end":{"line":1640,"column":50}},"327":{"start":{"line":1643,"column":31},"end":{"line":1643,"column":53}},"328":{"start":{"line":1645,"column":8},"end":{"line":1689,"column":9}},"329":{"start":{"line":1646,"column":10},"end":{"line":1646,"column":48}},"330":{"start":{"line":1647,"column":10},"end":{"line":1647,"column":29}},"331":{"start":{"line":1650,"column":32},"end":{"line":1656,"column":15}},"332":{"start":{"line":1651,"column":33},"end":{"line":1651,"column":60}},"333":{"start":{"line":1652,"column":37},"end":{"line":1654,"column":17}},"334":{"start":{"line":1653,"column":14},"end":{"line":1653,"column":65}},"335":{"start":{"line":1655,"column":12},"end":{"line":1655,"column":59}},"336":{"start":{"line":1658,"column":33},"end":{"line":1658,"column":115}},"337":{"start":{"line":1658,"column":73},"end":{"line":1658,"column":111}},"338":{"start":{"line":1661,"column":38},"end":{"line":1667,"column":15}},"339":{"start":{"line":1662,"column":36},"end":{"line":1662,"column":93}},"340":{"start":{"line":1662,"column":71},"end":{"line":1662,"column":85}},"341":{"start":{"line":1663,"column":35},"end":{"line":1665,"column":17}},"342":{"start":{"line":1664,"column":14},"end":{"line":1664,"column":93}},"343":{"start":{"line":1664,"column":70},"end":{"line":1664,"column":84}},"344":{"start":{"line":1666,"column":12},"end":{"line":1666,"column":60}},"345":{"start":{"line":1669,"column":35},"end":{"line":1675,"column":15}},"346":{"start":{"line":1670,"column":33},"end":{"line":1670,"column":91}},"347":{"start":{"line":1670,"column":68},"end":{"line":1670,"column":83}},"348":{"start":{"line":1671,"column":32},"end":{"line":1673,"column":17}},"349":{"start":{"line":1672,"column":14},"end":{"line":1672,"column":94}},"350":{"start":{"line":1672,"column":70},"end":{"line":1672,"column":85}},"351":{"start":{"line":1674,"column":12},"end":{"line":1674,"column":54}},"352":{"start":{"line":1677,"column":31},"end":{"line":1677,"column":90}},"353":{"start":{"line":1678,"column":10},"end":{"line":1678,"column":86}},"354":{"start":{"line":1678,"column":34},"end":{"line":1678,"column":86}},"355":{"start":{"line":1679,"column":10},"end":{"line":1679,"column":64}},"356":{"start":{"line":1680,"column":10},"end":{"line":1680,"column":98}},"357":{"start":{"line":1680,"column":39},"end":{"line":1680,"column":98}},"358":{"start":{"line":1681,"column":10},"end":{"line":1681,"column":100}},"359":{"start":{"line":1681,"column":36},"end":{"line":1681,"column":100}},"360":{"start":{"line":1682,"column":10},"end":{"line":1682,"column":81}},"361":{"start":{"line":1684,"column":10},"end":{"line":1684,"column":43}},"362":{"start":{"line":1685,"column":10},"end":{"line":1685,"column":55}},"363":{"start":{"line":1685,"column":27},"end":{"line":1685,"column":47}},"364":{"start":{"line":1687,"column":10},"end":{"line":1687,"column":107}},"365":{"start":{"line":1688,"column":10},"end":{"line":1688,"column":31}},"366":{"start":{"line":1691,"column":8},"end":{"line":1691,"column":46}},"367":{"start":{"line":1692,"column":8},"end":{"line":1692,"column":138}},"368":{"start":{"line":1693,"column":8},"end":{"line":1693,"column":29}},"369":{"start":{"line":1697,"column":4},"end":{"line":1700,"column":6}},"370":{"start":{"line":1698,"column":6},"end":{"line":1698,"column":62}},"371":{"start":{"line":1699,"column":6},"end":{"line":1699,"column":27}},"372":{"start":{"line":1702,"column":4},"end":{"line":1702,"column":28}},"373":{"start":{"line":1705,"column":4},"end":{"line":1705,"column":28}},"374":{"start":{"line":1708,"column":24},"end":{"line":1710,"column":3}},"375":{"start":{"line":1709,"column":4},"end":{"line":1709,"column":51}},"376":{"start":{"line":1712,"column":24},"end":{"line":1728,"column":3}},"377":{"start":{"line":1713,"column":4},"end":{"line":1727,"column":8}},"378":{"start":{"line":1713,"column":23},"end":{"line":1727,"column":5}},"379":{"start":{"line":1716,"column":8},"end":{"line":1724,"column":9}},"380":{"start":{"line":1717,"column":31},"end":{"line":1717,"column":80}},"381":{"start":{"line":1717,"column":61},"end":{"line":1717,"column":79}},"382":{"start":{"line":1718,"column":10},"end":{"line":1723,"column":11}},"383":{"start":{"line":1719,"column":32},"end":{"line":1719,"column":51}},"384":{"start":{"line":1720,"column":12},"end":{"line":1721,"column":71}},"385":{"start":{"line":1722,"column":12},"end":{"line":1722,"column":55}},"386":{"start":{"line":1725,"column":8},"end":{"line":1725,"column":21}},"387":{"start":{"line":1730,"column":26},"end":{"line":1746,"column":3}},"388":{"start":{"line":1731,"column":4},"end":{"line":1745,"column":8}},"389":{"start":{"line":1731,"column":23},"end":{"line":1745,"column":5}},"390":{"start":{"line":1734,"column":8},"end":{"line":1742,"column":9}},"391":{"start":{"line":1735,"column":31},"end":{"line":1735,"column":80}},"392":{"start":{"line":1735,"column":61},"end":{"line":1735,"column":79}},"393":{"start":{"line":1736,"column":10},"end":{"line":1741,"column":11}},"394":{"start":{"line":1737,"column":32},"end":{"line":1737,"column":51}},"395":{"start":{"line":1738,"column":12},"end":{"line":1739,"column":71}},"396":{"start":{"line":1740,"column":12},"end":{"line":1740,"column":55}},"397":{"start":{"line":1743,"column":8},"end":{"line":1743,"column":21}},"398":{"start":{"line":1748,"column":22},"end":{"line":1759,"column":3}},"399":{"start":{"line":1749,"column":4},"end":{"line":1758,"column":7}},"400":{"start":{"line":1750,"column":25},"end":{"line":1750,"column":69}},"401":{"start":{"line":1750,"column":52},"end":{"line":1750,"column":68}},"402":{"start":{"line":1751,"column":6},"end":{"line":1756,"column":7}},"403":{"start":{"line":1752,"column":26},"end":{"line":1752,"column":42}},"404":{"start":{"line":1753,"column":8},"end":{"line":1754,"column":59}},"405":{"start":{"line":1755,"column":8},"end":{"line":1755,"column":46}},"406":{"start":{"line":1757,"column":6},"end":{"line":1757,"column":18}},"407":{"start":{"line":1761,"column":24},"end":{"line":1772,"column":3}},"408":{"start":{"line":1762,"column":4},"end":{"line":1771,"column":7}},"409":{"start":{"line":1763,"column":25},"end":{"line":1763,"column":69}},"410":{"start":{"line":1763,"column":52},"end":{"line":1763,"column":68}},"411":{"start":{"line":1764,"column":6},"end":{"line":1769,"column":7}},"412":{"start":{"line":1765,"column":26},"end":{"line":1765,"column":42}},"413":{"start":{"line":1766,"column":8},"end":{"line":1767,"column":59}},"414":{"start":{"line":1768,"column":8},"end":{"line":1768,"column":46}},"415":{"start":{"line":1770,"column":6},"end":{"line":1770,"column":18}},"416":{"start":{"line":1774,"column":23},"end":{"line":1843,"column":3}},"417":{"start":{"line":1775,"column":4},"end":{"line":1777,"column":5}},"418":{"start":{"line":1776,"column":6},"end":{"line":1776,"column":16}},"419":{"start":{"line":1780,"column":32},"end":{"line":1805,"column":5}},"420":{"start":{"line":1781,"column":6},"end":{"line":1781,"column":35}},"421":{"start":{"line":1781,"column":25},"end":{"line":1781,"column":35}},"422":{"start":{"line":1783,"column":24},"end":{"line":1783,"column":55}},"423":{"start":{"line":1784,"column":6},"end":{"line":1784,"column":78}},"424":{"start":{"line":1784,"column":24},"end":{"line":1784,"column":78}},"425":{"start":{"line":1785,"column":6},"end":{"line":1785,"column":99}},"426":{"start":{"line":1785,"column":31},"end":{"line":1785,"column":99}},"427":{"start":{"line":1786,"column":6},"end":{"line":1786,"column":78}},"428":{"start":{"line":1786,"column":24},"end":{"line":1786,"column":78}},"429":{"start":{"line":1789,"column":6},"end":{"line":1794,"column":7}},"430":{"start":{"line":1790,"column":8},"end":{"line":1790,"column":46}},"431":{"start":{"line":1791,"column":8},"end":{"line":1791,"column":89}},"432":{"start":{"line":1791,"column":30},"end":{"line":1791,"column":89}},"433":{"start":{"line":1792,"column":8},"end":{"line":1792,"column":104}},"434":{"start":{"line":1792,"column":35},"end":{"line":1792,"column":104}},"435":{"start":{"line":1793,"column":8},"end":{"line":1793,"column":112}},"436":{"start":{"line":1793,"column":47},"end":{"line":1793,"column":112}},"437":{"start":{"line":1797,"column":6},"end":{"line":1802,"column":7}},"438":{"start":{"line":1798,"column":8},"end":{"line":1798,"column":48}},"439":{"start":{"line":1799,"column":8},"end":{"line":1799,"column":71}},"440":{"start":{"line":1800,"column":8},"end":{"line":1800,"column":93}},"441":{"start":{"line":1800,"column":32},"end":{"line":1800,"column":93}},"442":{"start":{"line":1801,"column":8},"end":{"line":1801,"column":93}},"443":{"start":{"line":1801,"column":32},"end":{"line":1801,"column":93}},"444":{"start":{"line":1804,"column":6},"end":{"line":1804,"column":25}},"445":{"start":{"line":1808,"column":18},"end":{"line":1808,"column":20}},"446":{"start":{"line":1809,"column":4},"end":{"line":1840,"column":7}},"447":{"start":{"line":1810,"column":6},"end":{"line":1810,"column":30}},"448":{"start":{"line":1810,"column":23},"end":{"line":1810,"column":30}},"449":{"start":{"line":1812,"column":6},"end":{"line":1812,"column":38}},"450":{"start":{"line":1815,"column":6},"end":{"line":1819,"column":7}},"451":{"start":{"line":1816,"column":8},"end":{"line":1818,"column":11}},"452":{"start":{"line":1817,"column":10},"end":{"line":1817,"column":50}},"453":{"start":{"line":1822,"column":6},"end":{"line":1834,"column":7}},"454":{"start":{"line":1823,"column":8},"end":{"line":1833,"column":11}},"455":{"start":{"line":1824,"column":10},"end":{"line":1824,"column":37}},"456":{"start":{"line":1824,"column":30},"end":{"line":1824,"column":37}},"457":{"start":{"line":1826,"column":10},"end":{"line":1826,"column":47}},"458":{"start":{"line":1828,"column":10},"end":{"line":1832,"column":11}},"459":{"start":{"line":1829,"column":12},"end":{"line":1831,"column":15}},"460":{"start":{"line":1830,"column":14},"end":{"line":1830,"column":62}},"461":{"start":{"line":1837,"column":6},"end":{"line":1839,"column":7}},"462":{"start":{"line":1838,"column":8},"end":{"line":1838,"column":24}},"463":{"start":{"line":1842,"column":4},"end":{"line":1842,"column":19}},"464":{"start":{"line":1845,"column":31},"end":{"line":1883,"column":3}},"465":{"start":{"line":1846,"column":4},"end":{"line":1848,"column":5}},"466":{"start":{"line":1847,"column":6},"end":{"line":1847,"column":16}},"467":{"start":{"line":1850,"column":18},"end":{"line":1850,"column":20}},"468":{"start":{"line":1853,"column":4},"end":{"line":1853,"column":76}},"469":{"start":{"line":1853,"column":30},"end":{"line":1853,"column":76}},"470":{"start":{"line":1854,"column":4},"end":{"line":1854,"column":82}},"471":{"start":{"line":1854,"column":32},"end":{"line":1854,"column":82}},"472":{"start":{"line":1855,"column":4},"end":{"line":1855,"column":50}},"473":{"start":{"line":1856,"column":4},"end":{"line":1856,"column":50}},"474":{"start":{"line":1857,"column":4},"end":{"line":1857,"column":62}},"475":{"start":{"line":1858,"column":4},"end":{"line":1858,"column":69}},"476":{"start":{"line":1858,"column":36},"end":{"line":1858,"column":69}},"477":{"start":{"line":1859,"column":4},"end":{"line":1859,"column":56}},"478":{"start":{"line":1860,"column":4},"end":{"line":1860,"column":52}},"479":{"start":{"line":1863,"column":4},"end":{"line":1863,"column":34}},"480":{"start":{"line":1864,"column":4},"end":{"line":1864,"column":90}},"481":{"start":{"line":1865,"column":4},"end":{"line":1865,"column":90}},"482":{"start":{"line":1866,"column":4},"end":{"line":1866,"column":78}},"483":{"start":{"line":1869,"column":4},"end":{"line":1869,"column":29}},"484":{"start":{"line":1872,"column":4},"end":{"line":1880,"column":5}},"485":{"start":{"line":1873,"column":6},"end":{"line":1873,"column":34}},"486":{"start":{"line":1874,"column":6},"end":{"line":1876,"column":7}},"487":{"start":{"line":1875,"column":8},"end":{"line":1875,"column":84}},"488":{"start":{"line":1877,"column":6},"end":{"line":1879,"column":7}},"489":{"start":{"line":1878,"column":8},"end":{"line":1878,"column":76}},"490":{"start":{"line":1882,"column":4},"end":{"line":1882,"column":19}},"491":{"start":{"line":1885,"column":30},"end":{"line":1980,"column":3}},"492":{"start":{"line":1886,"column":4},"end":{"line":1888,"column":5}},"493":{"start":{"line":1887,"column":6},"end":{"line":1887,"column":43}},"494":{"start":{"line":1890,"column":27},"end":{"line":1890,"column":76}},"495":{"start":{"line":1890,"column":66},"end":{"line":1890,"column":75}},"496":{"start":{"line":1891,"column":4},"end":{"line":1893,"column":5}},"497":{"start":{"line":1892,"column":6},"end":{"line":1892,"column":36}},"498":{"start":{"line":1895,"column":18},"end":{"line":1895,"column":20}},"499":{"start":{"line":1898,"column":4},"end":{"line":1977,"column":7}},"500":{"start":{"line":1899,"column":6},"end":{"line":1899,"column":44}},"501":{"start":{"line":1901,"column":25},"end":{"line":1901,"column":81}},"502":{"start":{"line":1902,"column":6},"end":{"line":1971,"column":7}},"503":{"start":{"line":1903,"column":8},"end":{"line":1903,"column":34}},"504":{"start":{"line":1906,"column":8},"end":{"line":1970,"column":9}},"505":{"start":{"line":1907,"column":10},"end":{"line":1911,"column":11}},"506":{"start":{"line":1908,"column":12},"end":{"line":1908,"column":39}},"507":{"start":{"line":1909,"column":12},"end":{"line":1909,"column":116}},"508":{"start":{"line":1909,"column":49},"end":{"line":1909,"column":116}},"509":{"start":{"line":1910,"column":12},"end":{"line":1910,"column":116}},"510":{"start":{"line":1910,"column":49},"end":{"line":1910,"column":116}},"511":{"start":{"line":1912,"column":10},"end":{"line":1912,"column":95}},"512":{"start":{"line":1912,"column":39},"end":{"line":1912,"column":95}},"513":{"start":{"line":1913,"column":10},"end":{"line":1913,"column":104}},"514":{"start":{"line":1913,"column":42},"end":{"line":1913,"column":104}},"515":{"start":{"line":1917,"column":13},"end":{"line":1970,"column":9}},"516":{"start":{"line":1918,"column":10},"end":{"line":1918,"column":95}},"517":{"start":{"line":1918,"column":39},"end":{"line":1918,"column":95}},"518":{"start":{"line":1919,"column":10},"end":{"line":1919,"column":86}},"519":{"start":{"line":1919,"column":36},"end":{"line":1919,"column":86}},"520":{"start":{"line":1920,"column":10},"end":{"line":1920,"column":95}},"521":{"start":{"line":1920,"column":39},"end":{"line":1920,"column":95}},"522":{"start":{"line":1921,"column":10},"end":{"line":1921,"column":83}},"523":{"start":{"line":1921,"column":35},"end":{"line":1921,"column":83}},"524":{"start":{"line":1922,"column":10},"end":{"line":1922,"column":107}},"525":{"start":{"line":1922,"column":43},"end":{"line":1922,"column":107}},"526":{"start":{"line":1926,"column":13},"end":{"line":1970,"column":9}},"527":{"start":{"line":1927,"column":10},"end":{"line":1927,"column":92}},"528":{"start":{"line":1927,"column":38},"end":{"line":1927,"column":92}},"529":{"start":{"line":1928,"column":10},"end":{"line":1928,"column":86}},"530":{"start":{"line":1928,"column":36},"end":{"line":1928,"column":86}},"531":{"start":{"line":1929,"column":10},"end":{"line":1929,"column":35}},"532":{"start":{"line":1930,"column":10},"end":{"line":1930,"column":68}},"533":{"start":{"line":1931,"column":10},"end":{"line":1931,"column":74}},"534":{"start":{"line":1932,"column":10},"end":{"line":1932,"column":70}},"535":{"start":{"line":1933,"column":10},"end":{"line":1933,"column":92}},"536":{"start":{"line":1933,"column":35},"end":{"line":1933,"column":92}},"537":{"start":{"line":1937,"column":13},"end":{"line":1970,"column":9}},"538":{"start":{"line":1938,"column":10},"end":{"line":1938,"column":106}},"539":{"start":{"line":1938,"column":42},"end":{"line":1938,"column":106}},"540":{"start":{"line":1939,"column":10},"end":{"line":1939,"column":95}},"541":{"start":{"line":1939,"column":39},"end":{"line":1939,"column":95}},"542":{"start":{"line":1940,"column":10},"end":{"line":1940,"column":109}},"543":{"start":{"line":1940,"column":53},"end":{"line":1940,"column":109}},"544":{"start":{"line":1941,"column":10},"end":{"line":1941,"column":98}},"545":{"start":{"line":1941,"column":40},"end":{"line":1941,"column":98}},"546":{"start":{"line":1945,"column":13},"end":{"line":1970,"column":9}},"547":{"start":{"line":1946,"column":10},"end":{"line":1946,"column":86}},"548":{"start":{"line":1946,"column":36},"end":{"line":1946,"column":86}},"549":{"start":{"line":1947,"column":10},"end":{"line":1947,"column":89}},"550":{"start":{"line":1947,"column":37},"end":{"line":1947,"column":89}},"551":{"start":{"line":1948,"column":10},"end":{"line":1956,"column":11}},"552":{"start":{"line":1949,"column":31},"end":{"line":1949,"column":109}},"553":{"start":{"line":1949,"column":79},"end":{"line":1949,"column":89}},"554":{"start":{"line":1949,"column":105},"end":{"line":1949,"column":108}},"555":{"start":{"line":1950,"column":12},"end":{"line":1955,"column":13}},"556":{"start":{"line":1951,"column":14},"end":{"line":1951,"column":45}},"557":{"start":{"line":1952,"column":14},"end":{"line":1954,"column":17}},"558":{"start":{"line":1953,"column":16},"end":{"line":1953,"column":51}},"559":{"start":{"line":1957,"column":10},"end":{"line":1957,"column":112}},"560":{"start":{"line":1957,"column":54},"end":{"line":1957,"column":112}},"561":{"start":{"line":1961,"column":13},"end":{"line":1970,"column":9}},"562":{"start":{"line":1962,"column":10},"end":{"line":1962,"column":85}},"563":{"start":{"line":1962,"column":35},"end":{"line":1962,"column":85}},"564":{"start":{"line":1963,"column":10},"end":{"line":1963,"column":93}},"565":{"start":{"line":1963,"column":37},"end":{"line":1963,"column":93}},"566":{"start":{"line":1964,"column":10},"end":{"line":1964,"column":109}},"567":{"start":{"line":1964,"column":53},"end":{"line":1964,"column":109}},"568":{"start":{"line":1965,"column":10},"end":{"line":1965,"column":39}},"569":{"start":{"line":1966,"column":10},"end":{"line":1966,"column":86}},"570":{"start":{"line":1967,"column":10},"end":{"line":1967,"column":92}},"571":{"start":{"line":1968,"column":10},"end":{"line":1968,"column":86}},"572":{"start":{"line":1969,"column":10},"end":{"line":1969,"column":80}},"573":{"start":{"line":1974,"column":6},"end":{"line":1976,"column":7}},"574":{"start":{"line":1975,"column":8},"end":{"line":1975,"column":24}},"575":{"start":{"line":1979,"column":4},"end":{"line":1979,"column":19}},"576":{"start":{"line":1982,"column":25},"end":{"line":1996,"column":3}},"577":{"start":{"line":1983,"column":24},"end":{"line":1985,"column":44}},"578":{"start":{"line":1986,"column":21},"end":{"line":1988,"column":34}},"579":{"start":{"line":1989,"column":17},"end":{"line":1989,"column":63}},"580":{"start":{"line":1990,"column":16},"end":{"line":1990,"column":41}},"581":{"start":{"line":1991,"column":14},"end":{"line":1991,"column":41}},"582":{"start":{"line":1992,"column":4},"end":{"line":1992,"column":17}},"583":{"start":{"line":1993,"column":4},"end":{"line":1993,"column":26}},"584":{"start":{"line":1994,"column":4},"end":{"line":1994,"column":14}},"585":{"start":{"line":1995,"column":4},"end":{"line":1995,"column":29}},"586":{"start":{"line":1998,"column":26},"end":{"line":2017,"column":3}},"587":{"start":{"line":1999,"column":4},"end":{"line":2016,"column":5}},"588":{"start":{"line":2000,"column":26},"end":{"line":2002,"column":46}},"589":{"start":{"line":2003,"column":6},"end":{"line":2007,"column":7}},"590":{"start":{"line":2004,"column":8},"end":{"line":2004,"column":51}},"591":{"start":{"line":2005,"column":8},"end":{"line":2005,"column":51}},"592":{"start":{"line":2005,"column":25},"end":{"line":2005,"column":43}},"593":{"start":{"line":2006,"column":8},"end":{"line":2006,"column":15}},"594":{"start":{"line":2009,"column":6},"end":{"line":2009,"column":55}},"595":{"start":{"line":2010,"column":6},"end":{"line":2010,"column":52}},"596":{"start":{"line":2011,"column":6},"end":{"line":2011,"column":25}},"597":{"start":{"line":2012,"column":6},"end":{"line":2012,"column":51}},"598":{"start":{"line":2012,"column":23},"end":{"line":2012,"column":43}},"599":{"start":{"line":2014,"column":6},"end":{"line":2014,"column":52}},"600":{"start":{"line":2015,"column":6},"end":{"line":2015,"column":49}},"601":{"start":{"line":2015,"column":23},"end":{"line":2015,"column":41}},"602":{"start":{"line":2019,"column":28},"end":{"line":2078,"column":3}},"603":{"start":{"line":2080,"column":2},"end":{"line":3796,"column":4}},"604":{"start":{"line":2096,"column":27},"end":{"line":2096,"column":51}},"605":{"start":{"line":2107,"column":27},"end":{"line":2107,"column":51}},"606":{"start":{"line":2118,"column":27},"end":{"line":2118,"column":50}},"607":{"start":{"line":2146,"column":31},"end":{"line":2146,"column":51}},"608":{"start":{"line":2160,"column":31},"end":{"line":2160,"column":49}},"609":{"start":{"line":2203,"column":33},"end":{"line":2203,"column":64}},"610":{"start":{"line":2212,"column":33},"end":{"line":2212,"column":62}},"611":{"start":{"line":2258,"column":14},"end":{"line":2835,"column":20}},"612":{"start":{"line":2266,"column":41},"end":{"line":2266,"column":88}},"613":{"start":{"line":2267,"column":38},"end":{"line":2267,"column":59}},"614":{"start":{"line":2268,"column":42},"end":{"line":2268,"column":84}},"615":{"start":{"line":2275,"column":39},"end":{"line":2275,"column":64}},"616":{"start":{"line":2286,"column":39},"end":{"line":2286,"column":60}},"617":{"start":{"line":2298,"column":39},"end":{"line":2298,"column":62}},"618":{"start":{"line":2314,"column":37},"end":{"line":2314,"column":57}},"619":{"start":{"line":2323,"column":41},"end":{"line":2323,"column":111}},"620":{"start":{"line":2323,"column":70},"end":{"line":2323,"column":109}},"621":{"start":{"line":2328,"column":48},"end":{"line":2328,"column":76}},"622":{"start":{"line":2330,"column":28},"end":{"line":2330,"column":81}},"623":{"start":{"line":2334,"column":39},"end":{"line":2334,"column":64}},"624":{"start":{"line":2343,"column":37},"end":{"line":2343,"column":58}},"625":{"start":{"line":2354,"column":20},"end":{"line":2555,"column":26}},"626":{"start":{"line":2367,"column":47},"end":{"line":2367,"column":98}},"627":{"start":{"line":2368,"column":44},"end":{"line":2368,"column":67}},"628":{"start":{"line":2369,"column":48},"end":{"line":2369,"column":92}},"629":{"start":{"line":2376,"column":45},"end":{"line":2376,"column":74}},"630":{"start":{"line":2387,"column":45},"end":{"line":2387,"column":80}},"631":{"start":{"line":2399,"column":45},"end":{"line":2399,"column":82}},"632":{"start":{"line":2413,"column":43},"end":{"line":2413,"column":68}},"633":{"start":{"line":2428,"column":45},"end":{"line":2428,"column":96}},"634":{"start":{"line":2438,"column":45},"end":{"line":2438,"column":96}},"635":{"start":{"line":2448,"column":45},"end":{"line":2448,"column":103}},"636":{"start":{"line":2462,"column":48},"end":{"line":2462,"column":114}},"637":{"start":{"line":2463,"column":30},"end":{"line":2463,"column":79}},"638":{"start":{"line":2469,"column":46},"end":{"line":2469,"column":64}},"639":{"start":{"line":2471,"column":32},"end":{"line":2471,"column":79}},"640":{"start":{"line":2479,"column":49},"end":{"line":2481,"column":34}},"641":{"start":{"line":2488,"column":49},"end":{"line":2490,"column":34}},"642":{"start":{"line":2507,"column":49},"end":{"line":2509,"column":34}},"643":{"start":{"line":2519,"column":49},"end":{"line":2521,"column":34}},"644":{"start":{"line":2534,"column":49},"end":{"line":2536,"column":34}},"645":{"start":{"line":2545,"column":49},"end":{"line":2547,"column":34}},"646":{"start":{"line":2560,"column":20},"end":{"line":2809,"column":26}},"647":{"start":{"line":2567,"column":47},"end":{"line":2567,"column":110}},"648":{"start":{"line":2568,"column":44},"end":{"line":2568,"column":65}},"649":{"start":{"line":2569,"column":48},"end":{"line":2569,"column":90}},"650":{"start":{"line":2576,"column":45},"end":{"line":2576,"column":73}},"651":{"start":{"line":2584,"column":43},"end":{"line":2584,"column":86}},"652":{"start":{"line":2593,"column":47},"end":{"line":2593,"column":137}},"653":{"start":{"line":2593,"column":76},"end":{"line":2593,"column":135}},"654":{"start":{"line":2598,"column":54},"end":{"line":2598,"column":82}},"655":{"start":{"line":2600,"column":34},"end":{"line":2600,"column":87}},"656":{"start":{"line":2604,"column":45},"end":{"line":2604,"column":93}},"657":{"start":{"line":2613,"column":43},"end":{"line":2613,"column":80}},"658":{"start":{"line":2625,"column":26},"end":{"line":2801,"column":32}},"659":{"start":{"line":2638,"column":53},"end":{"line":2638,"column":104}},"660":{"start":{"line":2639,"column":50},"end":{"line":2639,"column":73}},"661":{"start":{"line":2640,"column":54},"end":{"line":2640,"column":98}},"662":{"start":{"line":2647,"column":51},"end":{"line":2647,"column":80}},"663":{"start":{"line":2654,"column":47},"end":{"line":2654,"column":72}},"664":{"start":{"line":2669,"column":51},"end":{"line":2669,"column":102}},"665":{"start":{"line":2679,"column":51},"end":{"line":2679,"column":102}},"666":{"start":{"line":2691,"column":49},"end":{"line":2691,"column":107}},"667":{"start":{"line":2705,"column":53},"end":{"line":2707,"column":38}},"668":{"start":{"line":2712,"column":38},"end":{"line":2712,"column":85}},"669":{"start":{"line":2721,"column":53},"end":{"line":2723,"column":38}},"670":{"start":{"line":2735,"column":53},"end":{"line":2737,"column":38}},"671":{"start":{"line":2754,"column":53},"end":{"line":2756,"column":38}},"672":{"start":{"line":2766,"column":53},"end":{"line":2768,"column":38}},"673":{"start":{"line":2781,"column":53},"end":{"line":2783,"column":38}},"674":{"start":{"line":2792,"column":53},"end":{"line":2794,"column":38}},"675":{"start":{"line":2815,"column":37},"end":{"line":2815,"column":58}},"676":{"start":{"line":2827,"column":39},"end":{"line":2827,"column":59}},"677":{"start":{"line":2929,"column":41},"end":{"line":2929,"column":104}},"678":{"start":{"line":2929,"column":68},"end":{"line":2929,"column":102}},"679":{"start":{"line":2939,"column":41},"end":{"line":2939,"column":106}},"680":{"start":{"line":2939,"column":68},"end":{"line":2939,"column":104}},"681":{"start":{"line":2951,"column":41},"end":{"line":2951,"column":104}},"682":{"start":{"line":2951,"column":68},"end":{"line":2951,"column":102}},"683":{"start":{"line":2962,"column":41},"end":{"line":2962,"column":104}},"684":{"start":{"line":2962,"column":68},"end":{"line":2962,"column":102}},"685":{"start":{"line":2993,"column":41},"end":{"line":2993,"column":110}},"686":{"start":{"line":2993,"column":68},"end":{"line":2993,"column":108}},"687":{"start":{"line":3008,"column":41},"end":{"line":3008,"column":107}},"688":{"start":{"line":3008,"column":68},"end":{"line":3008,"column":105}},"689":{"start":{"line":3035,"column":41},"end":{"line":3035,"column":105}},"690":{"start":{"line":3035,"column":68},"end":{"line":3035,"column":103}},"691":{"start":{"line":3051,"column":39},"end":{"line":3051,"column":110}},"692":{"start":{"line":3051,"column":66},"end":{"line":3051,"column":108}},"693":{"start":{"line":3067,"column":39},"end":{"line":3070,"column":25}},"694":{"start":{"line":3067,"column":66},"end":{"line":3070,"column":23}},"695":{"start":{"line":3081,"column":39},"end":{"line":3084,"column":25}},"696":{"start":{"line":3081,"column":66},"end":{"line":3084,"column":23}},"697":{"start":{"line":3095,"column":39},"end":{"line":3098,"column":25}},"698":{"start":{"line":3095,"column":66},"end":{"line":3098,"column":23}},"699":{"start":{"line":3114,"column":39},"end":{"line":3117,"column":25}},"700":{"start":{"line":3114,"column":66},"end":{"line":3117,"column":23}},"701":{"start":{"line":3128,"column":39},"end":{"line":3131,"column":25}},"702":{"start":{"line":3128,"column":66},"end":{"line":3131,"column":23}},"703":{"start":{"line":3185,"column":20},"end":{"line":3736,"column":26}},"704":{"start":{"line":3201,"column":55},"end":{"line":3201,"column":86}},"705":{"start":{"line":3202,"column":32},"end":{"line":3202,"column":81}},"706":{"start":{"line":3203,"column":32},"end":{"line":3203,"column":106}},"707":{"start":{"line":3211,"column":53},"end":{"line":3211,"column":109}},"708":{"start":{"line":3211,"column":97},"end":{"line":3211,"column":108}},"709":{"start":{"line":3212,"column":30},"end":{"line":3212,"column":104}},"710":{"start":{"line":3228,"column":53},"end":{"line":3228,"column":84}},"711":{"start":{"line":3229,"column":30},"end":{"line":3229,"column":74}},"712":{"start":{"line":3230,"column":30},"end":{"line":3230,"column":104}},"713":{"start":{"line":3251,"column":59},"end":{"line":3251,"column":90}},"714":{"start":{"line":3252,"column":36},"end":{"line":3255,"column":38}},"715":{"start":{"line":3256,"column":36},"end":{"line":3256,"column":110}},"716":{"start":{"line":3270,"column":59},"end":{"line":3270,"column":90}},"717":{"start":{"line":3271,"column":36},"end":{"line":3274,"column":38}},"718":{"start":{"line":3275,"column":36},"end":{"line":3275,"column":110}},"719":{"start":{"line":3292,"column":57},"end":{"line":3292,"column":88}},"720":{"start":{"line":3293,"column":34},"end":{"line":3293,"column":90}},"721":{"start":{"line":3294,"column":34},"end":{"line":3294,"column":108}},"722":{"start":{"line":3306,"column":59},"end":{"line":3306,"column":90}},"723":{"start":{"line":3307,"column":36},"end":{"line":3307,"column":97}},"724":{"start":{"line":3308,"column":36},"end":{"line":3308,"column":110}},"725":{"start":{"line":3327,"column":59},"end":{"line":3327,"column":90}},"726":{"start":{"line":3328,"column":36},"end":{"line":3328,"column":92}},"727":{"start":{"line":3329,"column":36},"end":{"line":3329,"column":110}},"728":{"start":{"line":3340,"column":59},"end":{"line":3340,"column":90}},"729":{"start":{"line":3341,"column":36},"end":{"line":3341,"column":89}},"730":{"start":{"line":3342,"column":36},"end":{"line":3342,"column":110}},"731":{"start":{"line":3357,"column":59},"end":{"line":3357,"column":90}},"732":{"start":{"line":3358,"column":36},"end":{"line":3358,"column":92}},"733":{"start":{"line":3359,"column":36},"end":{"line":3359,"column":110}},"734":{"start":{"line":3372,"column":59},"end":{"line":3372,"column":90}},"735":{"start":{"line":3373,"column":36},"end":{"line":3373,"column":88}},"736":{"start":{"line":3374,"column":36},"end":{"line":3374,"column":110}},"737":{"start":{"line":3390,"column":59},"end":{"line":3390,"column":90}},"738":{"start":{"line":3391,"column":36},"end":{"line":3391,"column":98}},"739":{"start":{"line":3392,"column":36},"end":{"line":3392,"column":110}},"740":{"start":{"line":3411,"column":59},"end":{"line":3411,"column":90}},"741":{"start":{"line":3412,"column":36},"end":{"line":3412,"column":107}},"742":{"start":{"line":3413,"column":36},"end":{"line":3413,"column":110}},"743":{"start":{"line":3425,"column":59},"end":{"line":3425,"column":90}},"744":{"start":{"line":3426,"column":36},"end":{"line":3426,"column":89}},"745":{"start":{"line":3427,"column":36},"end":{"line":3427,"column":110}},"746":{"start":{"line":3445,"column":61},"end":{"line":3445,"column":92}},"747":{"start":{"line":3446,"column":38},"end":{"line":3446,"column":91}},"748":{"start":{"line":3447,"column":38},"end":{"line":3447,"column":112}},"749":{"start":{"line":3458,"column":61},"end":{"line":3458,"column":92}},"750":{"start":{"line":3459,"column":38},"end":{"line":3459,"column":94}},"751":{"start":{"line":3460,"column":38},"end":{"line":3460,"column":112}},"752":{"start":{"line":3471,"column":61},"end":{"line":3471,"column":92}},"753":{"start":{"line":3472,"column":38},"end":{"line":3472,"column":92}},"754":{"start":{"line":3473,"column":38},"end":{"line":3473,"column":112}},"755":{"start":{"line":3484,"column":61},"end":{"line":3484,"column":92}},"756":{"start":{"line":3485,"column":38},"end":{"line":3485,"column":92}},"757":{"start":{"line":3486,"column":38},"end":{"line":3486,"column":112}},"758":{"start":{"line":3506,"column":59},"end":{"line":3506,"column":90}},"759":{"start":{"line":3507,"column":36},"end":{"line":3507,"column":95}},"760":{"start":{"line":3508,"column":36},"end":{"line":3508,"column":110}},"761":{"start":{"line":3518,"column":59},"end":{"line":3518,"column":90}},"762":{"start":{"line":3519,"column":36},"end":{"line":3519,"column":92}},"763":{"start":{"line":3520,"column":36},"end":{"line":3520,"column":110}},"764":{"start":{"line":3537,"column":59},"end":{"line":3537,"column":90}},"765":{"start":{"line":3538,"column":36},"end":{"line":3538,"column":94}},"766":{"start":{"line":3539,"column":36},"end":{"line":3539,"column":110}},"767":{"start":{"line":3550,"column":59},"end":{"line":3550,"column":90}},"768":{"start":{"line":3551,"column":36},"end":{"line":3551,"column":95}},"769":{"start":{"line":3552,"column":36},"end":{"line":3552,"column":110}},"770":{"start":{"line":3571,"column":59},"end":{"line":3571,"column":90}},"771":{"start":{"line":3572,"column":36},"end":{"line":3572,"column":105}},"772":{"start":{"line":3573,"column":36},"end":{"line":3573,"column":110}},"773":{"start":{"line":3585,"column":59},"end":{"line":3585,"column":90}},"774":{"start":{"line":3586,"column":36},"end":{"line":3586,"column":90}},"775":{"start":{"line":3587,"column":36},"end":{"line":3587,"column":110}},"776":{"start":{"line":3602,"column":57},"end":{"line":3602,"column":88}},"777":{"start":{"line":3603,"column":34},"end":{"line":3603,"column":92}},"778":{"start":{"line":3604,"column":34},"end":{"line":3604,"column":108}},"779":{"start":{"line":3616,"column":59},"end":{"line":3616,"column":90}},"780":{"start":{"line":3617,"column":36},"end":{"line":3617,"column":95}},"781":{"start":{"line":3618,"column":36},"end":{"line":3618,"column":110}},"782":{"start":{"line":3637,"column":59},"end":{"line":3637,"column":90}},"783":{"start":{"line":3638,"column":36},"end":{"line":3638,"column":88}},"784":{"start":{"line":3639,"column":36},"end":{"line":3639,"column":110}},"785":{"start":{"line":3650,"column":59},"end":{"line":3650,"column":90}},"786":{"start":{"line":3651,"column":36},"end":{"line":3651,"column":90}},"787":{"start":{"line":3652,"column":36},"end":{"line":3652,"column":110}},"788":{"start":{"line":3670,"column":61},"end":{"line":3670,"column":92}},"789":{"start":{"line":3671,"column":38},"end":{"line":3671,"column":93}},"790":{"start":{"line":3672,"column":38},"end":{"line":3672,"column":112}},"791":{"start":{"line":3683,"column":61},"end":{"line":3683,"column":92}},"792":{"start":{"line":3684,"column":38},"end":{"line":3684,"column":95}},"793":{"start":{"line":3685,"column":38},"end":{"line":3685,"column":112}},"794":{"start":{"line":3696,"column":61},"end":{"line":3696,"column":92}},"795":{"start":{"line":3697,"column":38},"end":{"line":3697,"column":93}},"796":{"start":{"line":3698,"column":38},"end":{"line":3698,"column":112}},"797":{"start":{"line":3709,"column":61},"end":{"line":3709,"column":92}},"798":{"start":{"line":3710,"column":38},"end":{"line":3710,"column":91}},"799":{"start":{"line":3711,"column":38},"end":{"line":3711,"column":112}},"800":{"start":{"line":3724,"column":59},"end":{"line":3724,"column":90}},"801":{"start":{"line":3725,"column":36},"end":{"line":3725,"column":94}},"802":{"start":{"line":3726,"column":36},"end":{"line":3726,"column":110}},"803":{"start":{"line":3741,"column":40},"end":{"line":3751,"column":23}},"804":{"start":{"line":3752,"column":22},"end":{"line":3755,"column":25}}},"fnMap":{"0":{"name":"(anonymous_0)","decl":{"start":{"line":4,"column":26},"end":{"line":4,"column":27}},"loc":{"start":{"line":4,"column":32},"end":{"line":3797,"column":1}},"line":4},"1":{"name":"(anonymous_1)","decl":{"start":{"line":1023,"column":32},"end":{"line":1023,"column":33}},"loc":{"start":{"line":1023,"column":44},"end":{"line":1038,"column":3}},"line":1023},"2":{"name":"(anonymous_2)","decl":{"start":{"line":1035,"column":26},"end":{"line":1035,"column":27}},"loc":{"start":{"line":1035,"column":35},"end":{"line":1035,"column":70}},"line":1035},"3":{"name":"(anonymous_3)","decl":{"start":{"line":1040,"column":31},"end":{"line":1040,"column":32}},"loc":{"start":{"line":1040,"column":47},"end":{"line":1086,"column":3}},"line":1040},"4":{"name":"(anonymous_4)","decl":{"start":{"line":1065,"column":30},"end":{"line":1065,"column":31}},"loc":{"start":{"line":1065,"column":39},"end":{"line":1065,"column":61}},"line":1065},"5":{"name":"(anonymous_5)","decl":{"start":{"line":1088,"column":29},"end":{"line":1088,"column":30}},"loc":{"start":{"line":1088,"column":45},"end":{"line":1135,"column":3}},"line":1088},"6":{"name":"(anonymous_6)","decl":{"start":{"line":1137,"column":25},"end":{"line":1137,"column":26}},"loc":{"start":{"line":1137,"column":41},"end":{"line":1149,"column":3}},"line":1137},"7":{"name":"(anonymous_7)","decl":{"start":{"line":1152,"column":23},"end":{"line":1152,"column":24}},"loc":{"start":{"line":1152,"column":50},"end":{"line":1173,"column":3}},"line":1152},"8":{"name":"(anonymous_8)","decl":{"start":{"line":1176,"column":12},"end":{"line":1176,"column":13}},"loc":{"start":{"line":1176,"column":18},"end":{"line":1178,"column":3}},"line":1176},"9":{"name":"(anonymous_9)","decl":{"start":{"line":1180,"column":19},"end":{"line":1180,"column":20}},"loc":{"start":{"line":1180,"column":25},"end":{"line":1192,"column":3}},"line":1180},"10":{"name":"(anonymous_10)","decl":{"start":{"line":1187,"column":14},"end":{"line":1187,"column":15}},"loc":{"start":{"line":1187,"column":23},"end":{"line":1190,"column":5}},"line":1187},"11":{"name":"(anonymous_11)","decl":{"start":{"line":1194,"column":21},"end":{"line":1194,"column":22}},"loc":{"start":{"line":1194,"column":55},"end":{"line":1217,"column":3}},"line":1194},"12":{"name":"(anonymous_12)","decl":{"start":{"line":1208,"column":14},"end":{"line":1208,"column":15}},"loc":{"start":{"line":1208,"column":23},"end":{"line":1215,"column":5}},"line":1208},"13":{"name":"(anonymous_13)","decl":{"start":{"line":1210,"column":30},"end":{"line":1210,"column":31}},"loc":{"start":{"line":1211,"column":8},"end":{"line":1213,"column":17}},"line":1211},"14":{"name":"(anonymous_14)","decl":{"start":{"line":1219,"column":26},"end":{"line":1219,"column":27}},"loc":{"start":{"line":1219,"column":39},"end":{"line":1225,"column":3}},"line":1219},"15":{"name":"(anonymous_15)","decl":{"start":{"line":1223,"column":26},"end":{"line":1223,"column":27}},"loc":{"start":{"line":1223,"column":35},"end":{"line":1223,"column":61}},"line":1223},"16":{"name":"(anonymous_16)","decl":{"start":{"line":1227,"column":36},"end":{"line":1227,"column":37}},"loc":{"start":{"line":1227,"column":61},"end":{"line":1233,"column":3}},"line":1227},"17":{"name":"(anonymous_17)","decl":{"start":{"line":1231,"column":26},"end":{"line":1231,"column":27}},"loc":{"start":{"line":1231,"column":35},"end":{"line":1231,"column":80}},"line":1231},"18":{"name":"(anonymous_18)","decl":{"start":{"line":1235,"column":22},"end":{"line":1235,"column":23}},"loc":{"start":{"line":1235,"column":44},"end":{"line":1242,"column":3}},"line":1235},"19":{"name":"(anonymous_19)","decl":{"start":{"line":1236,"column":14},"end":{"line":1236,"column":15}},"loc":{"start":{"line":1236,"column":23},"end":{"line":1241,"column":5}},"line":1236},"20":{"name":"(anonymous_20)","decl":{"start":{"line":1238,"column":30},"end":{"line":1238,"column":31}},"loc":{"start":{"line":1239,"column":8},"end":{"line":1239,"column":63}},"line":1239},"21":{"name":"(anonymous_21)","decl":{"start":{"line":1244,"column":22},"end":{"line":1244,"column":23}},"loc":{"start":{"line":1244,"column":41},"end":{"line":1260,"column":3}},"line":1244},"22":{"name":"(anonymous_22)","decl":{"start":{"line":1251,"column":14},"end":{"line":1251,"column":15}},"loc":{"start":{"line":1251,"column":23},"end":{"line":1258,"column":5}},"line":1251},"23":{"name":"(anonymous_23)","decl":{"start":{"line":1253,"column":30},"end":{"line":1253,"column":31}},"loc":{"start":{"line":1254,"column":8},"end":{"line":1256,"column":17}},"line":1254},"24":{"name":"(anonymous_24)","decl":{"start":{"line":1262,"column":25},"end":{"line":1262,"column":26}},"loc":{"start":{"line":1262,"column":65},"end":{"line":1276,"column":3}},"line":1262},"25":{"name":"(anonymous_25)","decl":{"start":{"line":1263,"column":14},"end":{"line":1263,"column":15}},"loc":{"start":{"line":1263,"column":23},"end":{"line":1275,"column":5}},"line":1263},"26":{"name":"(anonymous_26)","decl":{"start":{"line":1265,"column":30},"end":{"line":1265,"column":31}},"loc":{"start":{"line":1266,"column":8},"end":{"line":1273,"column":17}},"line":1266},"27":{"name":"(anonymous_27)","decl":{"start":{"line":1269,"column":53},"end":{"line":1269,"column":54}},"loc":{"start":{"line":1270,"column":16},"end":{"line":1270,"column":83}},"line":1270},"28":{"name":"(anonymous_28)","decl":{"start":{"line":1278,"column":25},"end":{"line":1278,"column":26}},"loc":{"start":{"line":1278,"column":56},"end":{"line":1290,"column":3}},"line":1278},"29":{"name":"(anonymous_29)","decl":{"start":{"line":1279,"column":14},"end":{"line":1279,"column":15}},"loc":{"start":{"line":1279,"column":23},"end":{"line":1289,"column":5}},"line":1279},"30":{"name":"(anonymous_30)","decl":{"start":{"line":1281,"column":30},"end":{"line":1281,"column":31}},"loc":{"start":{"line":1282,"column":8},"end":{"line":1287,"column":17}},"line":1282},"31":{"name":"(anonymous_31)","decl":{"start":{"line":1285,"column":56},"end":{"line":1285,"column":57}},"loc":{"start":{"line":1285,"column":68},"end":{"line":1285,"column":94}},"line":1285},"32":{"name":"(anonymous_32)","decl":{"start":{"line":1292,"column":31},"end":{"line":1292,"column":32}},"loc":{"start":{"line":1292,"column":83},"end":{"line":1322,"column":3}},"line":1292},"33":{"name":"(anonymous_33)","decl":{"start":{"line":1306,"column":14},"end":{"line":1306,"column":15}},"loc":{"start":{"line":1306,"column":23},"end":{"line":1320,"column":5}},"line":1306},"34":{"name":"(anonymous_34)","decl":{"start":{"line":1308,"column":30},"end":{"line":1308,"column":31}},"loc":{"start":{"line":1309,"column":8},"end":{"line":1318,"column":17}},"line":1309},"35":{"name":"(anonymous_35)","decl":{"start":{"line":1312,"column":53},"end":{"line":1312,"column":54}},"loc":{"start":{"line":1313,"column":16},"end":{"line":1315,"column":28}},"line":1313},"36":{"name":"(anonymous_36)","decl":{"start":{"line":1324,"column":24},"end":{"line":1324,"column":25}},"loc":{"start":{"line":1324,"column":48},"end":{"line":1340,"column":3}},"line":1324},"37":{"name":"(anonymous_37)","decl":{"start":{"line":1325,"column":14},"end":{"line":1325,"column":15}},"loc":{"start":{"line":1325,"column":23},"end":{"line":1339,"column":5}},"line":1325},"38":{"name":"(anonymous_38)","decl":{"start":{"line":1327,"column":30},"end":{"line":1327,"column":31}},"loc":{"start":{"line":1327,"column":40},"end":{"line":1338,"column":7}},"line":1327},"39":{"name":"(anonymous_39)","decl":{"start":{"line":1329,"column":37},"end":{"line":1329,"column":38}},"loc":{"start":{"line":1330,"column":10},"end":{"line":1330,"column":73}},"line":1330},"40":{"name":"(anonymous_40)","decl":{"start":{"line":1332,"column":47},"end":{"line":1332,"column":48}},"loc":{"start":{"line":1332,"column":60},"end":{"line":1337,"column":9}},"line":1332},"41":{"name":"(anonymous_41)","decl":{"start":{"line":1334,"column":42},"end":{"line":1334,"column":43}},"loc":{"start":{"line":1335,"column":12},"end":{"line":1335,"column":75}},"line":1335},"42":{"name":"(anonymous_42)","decl":{"start":{"line":1342,"column":22},"end":{"line":1342,"column":23}},"loc":{"start":{"line":1342,"column":35},"end":{"line":1347,"column":3}},"line":1342},"43":{"name":"(anonymous_43)","decl":{"start":{"line":1343,"column":14},"end":{"line":1343,"column":15}},"loc":{"start":{"line":1343,"column":23},"end":{"line":1346,"column":5}},"line":1343},"44":{"name":"(anonymous_44)","decl":{"start":{"line":1345,"column":33},"end":{"line":1345,"column":34}},"loc":{"start":{"line":1345,"column":42},"end":{"line":1345,"column":62}},"line":1345},"45":{"name":"(anonymous_45)","decl":{"start":{"line":1349,"column":24},"end":{"line":1349,"column":25}},"loc":{"start":{"line":1349,"column":39},"end":{"line":1361,"column":3}},"line":1349},"46":{"name":"(anonymous_46)","decl":{"start":{"line":1350,"column":14},"end":{"line":1350,"column":15}},"loc":{"start":{"line":1350,"column":23},"end":{"line":1360,"column":5}},"line":1350},"47":{"name":"(anonymous_47)","decl":{"start":{"line":1352,"column":30},"end":{"line":1352,"column":31}},"loc":{"start":{"line":1352,"column":40},"end":{"line":1359,"column":7}},"line":1352},"48":{"name":"(anonymous_48)","decl":{"start":{"line":1354,"column":40},"end":{"line":1354,"column":41}},"loc":{"start":{"line":1354,"column":51},"end":{"line":1354,"column":75}},"line":1354},"49":{"name":"(anonymous_49)","decl":{"start":{"line":1355,"column":47},"end":{"line":1355,"column":48}},"loc":{"start":{"line":1355,"column":60},"end":{"line":1358,"column":9}},"line":1355},"50":{"name":"(anonymous_50)","decl":{"start":{"line":1357,"column":45},"end":{"line":1357,"column":46}},"loc":{"start":{"line":1357,"column":56},"end":{"line":1357,"column":80}},"line":1357},"51":{"name":"(anonymous_51)","decl":{"start":{"line":1363,"column":20},"end":{"line":1363,"column":21}},"loc":{"start":{"line":1363,"column":37},"end":{"line":1562,"column":3}},"line":1363},"52":{"name":"(anonymous_52)","decl":{"start":{"line":1365,"column":26},"end":{"line":1365,"column":27}},"loc":{"start":{"line":1365,"column":39},"end":{"line":1395,"column":5}},"line":1365},"53":{"name":"(anonymous_53)","decl":{"start":{"line":1398,"column":23},"end":{"line":1398,"column":24}},"loc":{"start":{"line":1398,"column":34},"end":{"line":1416,"column":5}},"line":1398},"54":{"name":"(anonymous_54)","decl":{"start":{"line":1419,"column":23},"end":{"line":1419,"column":24}},"loc":{"start":{"line":1419,"column":35},"end":{"line":1419,"column":106}},"line":1419},"55":{"name":"(anonymous_55)","decl":{"start":{"line":1541,"column":21},"end":{"line":1541,"column":22}},"loc":{"start":{"line":1541,"column":30},"end":{"line":1555,"column":7}},"line":1541},"56":{"name":"(anonymous_56)","decl":{"start":{"line":1542,"column":57},"end":{"line":1542,"column":58}},"loc":{"start":{"line":1542,"column":63},"end":{"line":1542,"column":74}},"line":1542},"57":{"name":"(anonymous_57)","decl":{"start":{"line":1542,"column":92},"end":{"line":1542,"column":93}},"loc":{"start":{"line":1542,"column":103},"end":{"line":1554,"column":9}},"line":1542},"58":{"name":"(anonymous_58)","decl":{"start":{"line":1565,"column":26},"end":{"line":1565,"column":27}},"loc":{"start":{"line":1565,"column":43},"end":{"line":1606,"column":3}},"line":1565},"59":{"name":"(anonymous_59)","decl":{"start":{"line":1608,"column":23},"end":{"line":1608,"column":24}},"loc":{"start":{"line":1608,"column":34},"end":{"line":1706,"column":3}},"line":1608},"60":{"name":"(anonymous_60)","decl":{"start":{"line":1615,"column":45},"end":{"line":1615,"column":46}},"loc":{"start":{"line":1615,"column":52},"end":{"line":1615,"column":74}},"line":1615},"61":{"name":"(anonymous_61)","decl":{"start":{"line":1636,"column":20},"end":{"line":1636,"column":21}},"loc":{"start":{"line":1636,"column":27},"end":{"line":1695,"column":5}},"line":1636},"62":{"name":"(anonymous_62)","decl":{"start":{"line":1650,"column":54},"end":{"line":1650,"column":55}},"loc":{"start":{"line":1650,"column":72},"end":{"line":1656,"column":11}},"line":1650},"63":{"name":"(anonymous_63)","decl":{"start":{"line":1652,"column":68},"end":{"line":1652,"column":69}},"loc":{"start":{"line":1652,"column":92},"end":{"line":1654,"column":13}},"line":1652},"64":{"name":"(anonymous_64)","decl":{"start":{"line":1658,"column":55},"end":{"line":1658,"column":56}},"loc":{"start":{"line":1658,"column":73},"end":{"line":1658,"column":111}},"line":1658},"65":{"name":"(anonymous_65)","decl":{"start":{"line":1661,"column":60},"end":{"line":1661,"column":61}},"loc":{"start":{"line":1661,"column":78},"end":{"line":1667,"column":11}},"line":1661},"66":{"name":"(anonymous_66)","decl":{"start":{"line":1662,"column":66},"end":{"line":1662,"column":67}},"loc":{"start":{"line":1662,"column":71},"end":{"line":1662,"column":85}},"line":1662},"67":{"name":"(anonymous_67)","decl":{"start":{"line":1663,"column":66},"end":{"line":1663,"column":67}},"loc":{"start":{"line":1663,"column":90},"end":{"line":1665,"column":13}},"line":1663},"68":{"name":"(anonymous_68)","decl":{"start":{"line":1664,"column":65},"end":{"line":1664,"column":66}},"loc":{"start":{"line":1664,"column":70},"end":{"line":1664,"column":84}},"line":1664},"69":{"name":"(anonymous_69)","decl":{"start":{"line":1669,"column":57},"end":{"line":1669,"column":58}},"loc":{"start":{"line":1669,"column":75},"end":{"line":1675,"column":11}},"line":1669},"70":{"name":"(anonymous_70)","decl":{"start":{"line":1670,"column":63},"end":{"line":1670,"column":64}},"loc":{"start":{"line":1670,"column":68},"end":{"line":1670,"column":83}},"line":1670},"71":{"name":"(anonymous_71)","decl":{"start":{"line":1671,"column":63},"end":{"line":1671,"column":64}},"loc":{"start":{"line":1671,"column":87},"end":{"line":1673,"column":13}},"line":1671},"72":{"name":"(anonymous_72)","decl":{"start":{"line":1672,"column":65},"end":{"line":1672,"column":66}},"loc":{"start":{"line":1672,"column":70},"end":{"line":1672,"column":85}},"line":1672},"73":{"name":"(anonymous_73)","decl":{"start":{"line":1685,"column":21},"end":{"line":1685,"column":22}},"loc":{"start":{"line":1685,"column":27},"end":{"line":1685,"column":47}},"line":1685},"74":{"name":"(anonymous_74)","decl":{"start":{"line":1697,"column":21},"end":{"line":1697,"column":22}},"loc":{"start":{"line":1697,"column":27},"end":{"line":1700,"column":5}},"line":1697},"75":{"name":"(anonymous_75)","decl":{"start":{"line":1708,"column":24},"end":{"line":1708,"column":25}},"loc":{"start":{"line":1708,"column":30},"end":{"line":1710,"column":3}},"line":1708},"76":{"name":"(anonymous_76)","decl":{"start":{"line":1712,"column":24},"end":{"line":1712,"column":25}},"loc":{"start":{"line":1712,"column":48},"end":{"line":1728,"column":3}},"line":1712},"77":{"name":"(anonymous_77)","decl":{"start":{"line":1713,"column":14},"end":{"line":1713,"column":15}},"loc":{"start":{"line":1713,"column":23},"end":{"line":1727,"column":5}},"line":1713},"78":{"name":"(anonymous_78)","decl":{"start":{"line":1715,"column":30},"end":{"line":1715,"column":31}},"loc":{"start":{"line":1715,"column":39},"end":{"line":1726,"column":7}},"line":1715},"79":{"name":"(anonymous_79)","decl":{"start":{"line":1717,"column":56},"end":{"line":1717,"column":57}},"loc":{"start":{"line":1717,"column":61},"end":{"line":1717,"column":79}},"line":1717},"80":{"name":"(anonymous_80)","decl":{"start":{"line":1730,"column":26},"end":{"line":1730,"column":27}},"loc":{"start":{"line":1730,"column":50},"end":{"line":1746,"column":3}},"line":1730},"81":{"name":"(anonymous_81)","decl":{"start":{"line":1731,"column":14},"end":{"line":1731,"column":15}},"loc":{"start":{"line":1731,"column":23},"end":{"line":1745,"column":5}},"line":1731},"82":{"name":"(anonymous_82)","decl":{"start":{"line":1733,"column":30},"end":{"line":1733,"column":31}},"loc":{"start":{"line":1733,"column":39},"end":{"line":1744,"column":7}},"line":1733},"83":{"name":"(anonymous_83)","decl":{"start":{"line":1735,"column":56},"end":{"line":1735,"column":57}},"loc":{"start":{"line":1735,"column":61},"end":{"line":1735,"column":79}},"line":1735},"84":{"name":"(anonymous_84)","decl":{"start":{"line":1748,"column":22},"end":{"line":1748,"column":23}},"loc":{"start":{"line":1748,"column":35},"end":{"line":1759,"column":3}},"line":1748},"85":{"name":"(anonymous_85)","decl":{"start":{"line":1749,"column":14},"end":{"line":1749,"column":15}},"loc":{"start":{"line":1749,"column":22},"end":{"line":1758,"column":5}},"line":1749},"86":{"name":"(anonymous_86)","decl":{"start":{"line":1750,"column":47},"end":{"line":1750,"column":48}},"loc":{"start":{"line":1750,"column":52},"end":{"line":1750,"column":68}},"line":1750},"87":{"name":"(anonymous_87)","decl":{"start":{"line":1761,"column":24},"end":{"line":1761,"column":25}},"loc":{"start":{"line":1761,"column":37},"end":{"line":1772,"column":3}},"line":1761},"88":{"name":"(anonymous_88)","decl":{"start":{"line":1762,"column":14},"end":{"line":1762,"column":15}},"loc":{"start":{"line":1762,"column":22},"end":{"line":1771,"column":5}},"line":1762},"89":{"name":"(anonymous_89)","decl":{"start":{"line":1763,"column":47},"end":{"line":1763,"column":48}},"loc":{"start":{"line":1763,"column":52},"end":{"line":1763,"column":68}},"line":1763},"90":{"name":"(anonymous_90)","decl":{"start":{"line":1774,"column":23},"end":{"line":1774,"column":24}},"loc":{"start":{"line":1774,"column":29},"end":{"line":1843,"column":3}},"line":1774},"91":{"name":"(anonymous_91)","decl":{"start":{"line":1780,"column":32},"end":{"line":1780,"column":33}},"loc":{"start":{"line":1780,"column":60},"end":{"line":1805,"column":5}},"line":1780},"92":{"name":"(anonymous_92)","decl":{"start":{"line":1809,"column":26},"end":{"line":1809,"column":27}},"loc":{"start":{"line":1809,"column":49},"end":{"line":1840,"column":5}},"line":1809},"93":{"name":"(anonymous_93)","decl":{"start":{"line":1816,"column":31},"end":{"line":1816,"column":32}},"loc":{"start":{"line":1816,"column":42},"end":{"line":1818,"column":9}},"line":1816},"94":{"name":"(anonymous_94)","decl":{"start":{"line":1823,"column":32},"end":{"line":1823,"column":33}},"loc":{"start":{"line":1823,"column":44},"end":{"line":1833,"column":9}},"line":1823},"95":{"name":"(anonymous_95)","decl":{"start":{"line":1829,"column":38},"end":{"line":1829,"column":39}},"loc":{"start":{"line":1829,"column":49},"end":{"line":1831,"column":13}},"line":1829},"96":{"name":"(anonymous_96)","decl":{"start":{"line":1845,"column":31},"end":{"line":1845,"column":32}},"loc":{"start":{"line":1845,"column":37},"end":{"line":1883,"column":3}},"line":1845},"97":{"name":"(anonymous_97)","decl":{"start":{"line":1885,"column":30},"end":{"line":1885,"column":31}},"loc":{"start":{"line":1885,"column":36},"end":{"line":1980,"column":3}},"line":1885},"98":{"name":"(anonymous_98)","decl":{"start":{"line":1890,"column":61},"end":{"line":1890,"column":62}},"loc":{"start":{"line":1890,"column":66},"end":{"line":1890,"column":75}},"line":1890},"99":{"name":"(anonymous_99)","decl":{"start":{"line":1898,"column":27},"end":{"line":1898,"column":28}},"loc":{"start":{"line":1898,"column":46},"end":{"line":1977,"column":5}},"line":1898},"100":{"name":"(anonymous_100)","decl":{"start":{"line":1949,"column":72},"end":{"line":1949,"column":73}},"loc":{"start":{"line":1949,"column":79},"end":{"line":1949,"column":89}},"line":1949},"101":{"name":"(anonymous_101)","decl":{"start":{"line":1949,"column":98},"end":{"line":1949,"column":99}},"loc":{"start":{"line":1949,"column":105},"end":{"line":1949,"column":108}},"line":1949},"102":{"name":"(anonymous_102)","decl":{"start":{"line":1952,"column":33},"end":{"line":1952,"column":34}},"loc":{"start":{"line":1952,"column":45},"end":{"line":1954,"column":15}},"line":1952},"103":{"name":"(anonymous_103)","decl":{"start":{"line":1982,"column":25},"end":{"line":1982,"column":26}},"loc":{"start":{"line":1982,"column":31},"end":{"line":1996,"column":3}},"line":1982},"104":{"name":"(anonymous_104)","decl":{"start":{"line":1998,"column":26},"end":{"line":1998,"column":27}},"loc":{"start":{"line":1998,"column":38},"end":{"line":2017,"column":3}},"line":1998},"105":{"name":"(anonymous_105)","decl":{"start":{"line":2005,"column":19},"end":{"line":2005,"column":20}},"loc":{"start":{"line":2005,"column":25},"end":{"line":2005,"column":43}},"line":2005},"106":{"name":"(anonymous_106)","decl":{"start":{"line":2012,"column":17},"end":{"line":2012,"column":18}},"loc":{"start":{"line":2012,"column":23},"end":{"line":2012,"column":43}},"line":2012},"107":{"name":"(anonymous_107)","decl":{"start":{"line":2015,"column":17},"end":{"line":2015,"column":18}},"loc":{"start":{"line":2015,"column":23},"end":{"line":2015,"column":41}}
[...]
43},"end":{"line":3388,"column":79}},"type":"binary-expr","locations":[{"start":{"line":3388,"column":43},"end":{"line":3388,"column":70}},{"start":{"line":3388,"column":74},"end":{"line":3388,"column":79}}],"line":3388},"301":{"loc":{"start":{"line":3402,"column":25},"end":{"line":3495,"column":25}},"type":"binary-expr","locations":[{"start":{"line":3402,"column":25},"end":{"line":3402,"column":52}},{"start":{"line":3403,"column":26},"end":{"line":3494,"column":32}}],"line":3402},"302":{"loc":{"start":{"line":3409,"column":41},"end":{"line":3409,"column":69}},"type":"binary-expr","locations":[{"start":{"line":3409,"column":41},"end":{"line":3409,"column":63}},{"start":{"line":3409,"column":67},"end":{"line":3409,"column":69}}],"line":3409},"303":{"loc":{"start":{"line":3412,"column":76},"end":{"line":3412,"column":106}},"type":"binary-expr","locations":[{"start":{"line":3412,"column":76},"end":{"line":3412,"column":100}},{"start":{"line":3412,"column":104},"end":{"line":3412,"column":106}}],"line":3412},"304":{"loc":{"start":{"line":3423,"column":41},"end":{"line":3423,"column":72}},"type":"binary-expr","locations":[{"start":{"line":3423,"column":41},"end":{"line":3423,"column":61}},{"start":{"line":3423,"column":65},"end":{"line":3423,"column":72}}],"line":3423},"305":{"loc":{"start":{"line":3482,"column":45},"end":{"line":3482,"column":73}},"type":"binary-expr","locations":[{"start":{"line":3482,"column":45},"end":{"line":3482,"column":64}},{"start":{"line":3482,"column":68},"end":{"line":3482,"column":73}}],"line":3482},"306":{"loc":{"start":{"line":3497,"column":25},"end":{"line":3560,"column":25}},"type":"binary-expr","locations":[{"start":{"line":3497,"column":25},"end":{"line":3497,"column":49}},{"start":{"line":3498,"column":26},"end":{"line":3559,"column":32}}],"line":3497},"307":{"loc":{"start":{"line":3504,"column":41},"end":{"line":3504,"column":82}},"type":"binary-expr","locations":[{"start":{"line":3504,"column":41},"end":{"line":3504,"column":67}},{"start":{"line":3504,"column":71},"end":{"line":3504,"column":82}}],"line":3504},"308":{"loc":{"start":{"line":3516,"column":41},"end":{"line":3516,"column":76}},"type":"binary-expr","locations":[{"start":{"line":3516,"column":41},"end":{"line":3516,"column":64}},{"start":{"line":3516,"column":68},"end":{"line":3516,"column":76}}],"line":3516},"309":{"loc":{"start":{"line":3548,"column":43},"end":{"line":3548,"column":76}},"type":"binary-expr","locations":[{"start":{"line":3548,"column":43},"end":{"line":3548,"column":67}},{"start":{"line":3548,"column":71},"end":{"line":3548,"column":76}}],"line":3548},"310":{"loc":{"start":{"line":3562,"column":25},"end":{"line":3626,"column":25}},"type":"binary-expr","locations":[{"start":{"line":3562,"column":25},"end":{"line":3562,"column":52}},{"start":{"line":3563,"column":26},"end":{"line":3625,"column":32}}],"line":3562},"311":{"loc":{"start":{"line":3569,"column":41},"end":{"line":3569,"column":67}},"type":"binary-expr","locations":[{"start":{"line":3569,"column":41},"end":{"line":3569,"column":61}},{"start":{"line":3569,"column":65},"end":{"line":3569,"column":67}}],"line":3569},"312":{"loc":{"start":{"line":3572,"column":74},"end":{"line":3572,"column":104}},"type":"binary-expr","locations":[{"start":{"line":3572,"column":74},"end":{"line":3572,"column":98}},{"start":{"line":3572,"column":102},"end":{"line":3572,"column":104}}],"line":3572},"313":{"loc":{"start":{"line":3583,"column":41},"end":{"line":3583,"column":72}},"type":"binary-expr","locations":[{"start":{"line":3583,"column":41},"end":{"line":3583,"column":62}},{"start":{"line":3583,"column":66},"end":{"line":3583,"column":72}}],"line":3583},"314":{"loc":{"start":{"line":3600,"column":39},"end":{"line":3600,"column":70}},"type":"binary-expr","locations":[{"start":{"line":3600,"column":39},"end":{"line":3600,"column":64}},{"start":{"line":3600,"column":68},"end":{"line":3600,"column":70}}],"line":3600},"315":{"loc":{"start":{"line":3628,"column":25},"end":{"line":3734,"column":25}},"type":"binary-expr","locations":[{"start":{"line":3628,"column":25},"end":{"line":3628,"column":51}},{"start":{"line":3629,"column":26},"end":{"line":3733,"column":32}}],"line":3628},"316":{"loc":{"start":{"line":3635,"column":41},"end":{"line":3635,"column":66}},"type":"binary-expr","locations":[{"start":{"line":3635,"column":41},"end":{"line":3635,"column":60}},{"start":{"line":3635,"column":64},"end":{"line":3635,"column":66}}],"line":3635},"317":{"loc":{"start":{"line":3648,"column":41},"end":{"line":3648,"column":70}},"type":"binary-expr","locations":[{"start":{"line":3648,"column":41},"end":{"line":3648,"column":62}},{"start":{"line":3648,"column":66},"end":{"line":3648,"column":70}}],"line":3648},"318":{"loc":{"start":{"line":3668,"column":43},"end":{"line":3668,"column":83}},"type":"binary-expr","locations":[{"start":{"line":3668,"column":43},"end":{"line":3668,"column":65}},{"start":{"line":3668,"column":69},"end":{"line":3668,"column":83}}],"line":3668},"319":{"loc":{"start":{"line":3681,"column":43},"end":{"line":3681,"column":87}},"type":"binary-expr","locations":[{"start":{"line":3681,"column":43},"end":{"line":3681,"column":67}},{"start":{"line":3681,"column":71},"end":{"line":3681,"column":87}}],"line":3681},"320":{"loc":{"start":{"line":3694,"column":43},"end":{"line":3694,"column":83}},"type":"binary-expr","locations":[{"start":{"line":3694,"column":43},"end":{"line":3694,"column":65}},{"start":{"line":3694,"column":69},"end":{"line":3694,"column":83}}],"line":3694},"321":{"loc":{"start":{"line":3707,"column":43},"end":{"line":3707,"column":79}},"type":"binary-expr","locations":[{"start":{"line":3707,"column":43},"end":{"line":3707,"column":63}},{"start":{"line":3707,"column":67},"end":{"line":3707,"column":79}}],"line":3707}},"s":{"0":1,"1":3,"2":3,"3":3,"4":3,"5":3,"6":3,"7":3,"8":3,"9":3,"10":3,"11":3,"12":3,"13":3,"14":3,"15":3,"16":3,"17":0,"18":0,"19":0,"20":0,"21":0,"22":0,"23":3,"24":0,"25":0,"26":0,"27":0,"28":0,"29":0,"30":0,"31":0,"32":0,"33":0,"34":0,"35":0,"36":0,"37":0,"38":0,"39":0,"40":0,"41":0,"42":0,"43":0,"44":0,"45":0,"46":0,"47":0,"48":0,"49":0,"50":0,"51":0,"52":0,"53":3,"54":0,"55":0,"56":0,"57":0,"58":0,"59":0,"60":0,"61":0,"62":0,"63":0,"64":0,"65":0,"66":0,"67":0,"68":0,"69":0,"70":0,"71":0,"72":0,"73":0,"74":0,"75":0,"76":0,"77":0,"78":0,"79":3,"80":0,"81":0,"82":0,"83":0,"84":0,"85":0,"86":0,"87":0,"88":3,"89":0,"90":0,"91":0,"92":0,"93":0,"94":0,"95":0,"96":0,"97":0,"98":0,"99":0,"100":0,"101":0,"102":3,"103":3,"104":3,"105":0,"106":0,"107":0,"108":0,"109":3,"110":0,"111":0,"112":0,"113":0,"114":0,"115":0,"116":3,"117":0,"118":0,"119":0,"120":0,"121":0,"122":3,"123":0,"124":0,"125":0,"126":0,"127":0,"128":3,"129":0,"130":0,"131":0,"132":3,"133":0,"134":0,"135":0,"136":0,"137":0,"138":3,"139":0,"140":0,"141":0,"142":0,"143":3,"144":0,"145":0,"146":0,"147":0,"148":3,"149":0,"150":0,"151":0,"152":0,"153":0,"154":0,"155":0,"156":3,"157":0,"158":0,"159":0,"160":0,"161":0,"162":0,"163":3,"164":0,"165":0,"166":0,"167":3,"168":0,"169":0,"170":0,"171":0,"172":0,"173":0,"174":3,"175":0,"176":0,"177":0,"178":0,"179":0,"180":0,"181":0,"182":0,"183":0,"184":0,"185":0,"186":0,"187":0,"188":0,"189":0,"190":0,"191":0,"192":0,"193":0,"194":0,"195":0,"196":0,"197":0,"198":0,"199":0,"200":0,"201":0,"202":0,"203":0,"204":0,"205":0,"206":0,"207":0,"208":0,"209":0,"210":0,"211":0,"212":0,"213":0,"214":0,"215":0,"216":0,"217":0,"218":0,"219":0,"220":0,"221":0,"222":0,"223":0,"224":0,"225":0,"226":0,"227":0,"228":0,"229":0,"230":0,"231":0,"232":0,"233":0,"234":0,"235":0,"236":0,"237":0,"238":0,"239":0,"240":0,"241":0,"242":0,"243":0,"244":0,"245":0,"246":0,"247":0,"248":0,"249":0,"250":0,"251":0,"252":0,"253":0,"254":0,"255":0,"256":0,"257":0,"258":0,"259":0,"260":0,"261":0,"262":0,"263":0,"264":0,"265":0,"266":0,"267":0,"268":0,"269":0,"270":0,"271":0,"272":0,"273":0,"274":0,"275":0,"276":0,"277":0,"278":0,"279":0,"280":0,"281":0,"282":0,"283":3,"284":0,"285":0,"286":0,"287":0,"288":0,"289":0,"290":0,"291":0,"292":0,"293":0,"294":0,"295":0,"296":0,"297":0,"298":0,"299":0,"300":0,"301":0,"302":0,"303":3,"304":0,"305":0,"306":0,"307":0,"308":0,"309":0,"310":0,"311":0,"312":0,"313":0,"314":0,"315":0,"316":0,"317":0,"318":0,"319":0,"320":0,"321":0,"322":0,"323":0,"324":0,"325":0,"326":0,"327":0,"328":0,"329":0,"330":0,"331":0,"332":0,"333":0,"334":0,"335":0,"336":0,"337":0,"338":0,"339":0,"340":0,"341":0,"342":0,"343":0,"344":0,"345":0,"346":0,"347":0,"348":0,"349":0,"350":0,"351":0,"352":0,"353":0,"354":0,"355":0,"356":0,"357":0,"358":0,"359":0,"360":0,"361":0,"362":0,"363":0,"364":0,"365":0,"366":0,"367":0,"368":0,"369":0,"370":0,"371":0,"372":0,"373":0,"374":3,"375":0,"376":3,"377":0,"378":0,"379":0,"380":0,"381":0,"382":0,"383":0,"384":0,"385":0,"386":0,"387":3,"388":0,"389":0,"390":0,"391":0,"392":0,"393":0,"394":0,"395":0,"396":0,"397":0,"398":3,"399":0,"400":0,"401":0,"402":0,"403":0,"404":0,"405":0,"406":0,"407":3,"408":0,"409":0,"410":0,"411":0,"412":0,"413":0,"414":0,"415":0,"416":3,"417":3,"418":0,"419":3,"420":3,"421":0,"422":3,"423":3,"424":3,"425":3,"426":3,"427":3,"428":3,"429":3,"430":0,"431":0,"432":0,"433":0,"434":0,"435":0,"436":0,"437":3,"438":0,"439":0,"440":0,"441":0,"442":0,"443":0,"444":3,"445":3,"446":3,"447":3,"448":0,"449":3,"450":3,"451":3,"452":3,"453":3,"454":0,"455":0,"456":0,"457":0,"458":0,"459":0,"460":0,"461":3,"462":0,"463":3,"464":3,"465":0,"466":0,"467":0,"468":0,"469":0,"470":0,"471":0,"472":0,"473":0,"474":0,"475":0,"476":0,"477":0,"478":0,"479":0,"480":0,"481":0,"482":0,"483":0,"484":0,"485":0,"486":0,"487":0,"488":0,"489":0,"490":0,"491":3,"492":0,"493":0,"494":0,"495":0,"496":0,"497":0,"498":0,"499":0,"500":0,"501":0,"502":0,"503":0,"504":0,"505":0,"506":0,"507":0,"508":0,"509":0,"510":0,"511":0,"512":0,"513":0,"514":0,"515":0,"516":0,"517":0,"518":0,"519":0,"520":0,"521":0,"522":0,"523":0,"524":0,"525":0,"526":0,"527":0,"528":0,"529":0,"530":0,"531":0,"532":0,"533":0,"534":0,"535":0,"536":0,"537":0,"538":0,"539":0,"540":0,"541":0,"542":0,"543":0,"544":0,"545":0,"546":0,"547":0,"548":0,"549":0,"550":0,"551":0,"552":0,"553":0,"554":0,"555":0,"556":0,"557":0,"558":0,"559":0,"560":0,"561":0,"562":0,"563":0,"564":0,"565":0,"566":0,"567":0,"568":0,"569":0,"570":0,"571":0,"572":0,"573":0,"574":0,"575":0,"576":3,"577":0,"578":0,"579":0,"580":0,"581":0,"582":0,"583":0,"584":0,"585":0,"586":3,"587":0,"588":0,"589":0,"590":0,"591":0,"592":0,"593":0,"594":0,"595":0,"596":0,"597":0,"598":0,"599":0,"600":0,"601":0,"602":3,"603":3,"604":0,"605":0,"606":0,"607":0,"608":0,"609":0,"610":0,"611":3,"612":0,"613":0,"614":0,"615":0,"616":0,"617":0,"618":0,"619":0,"620":0,"621":2232,"622":393,"623":0,"624":0,"625":3,"626":0,"627":0,"628":0,"629":0,"630":0,"631":0,"632":0,"633":0,"634":0,"635":0,"636":0,"637":0,"638":2262,"639":393,"640":0,"641":0,"642":0,"643":0,"644":0,"645":0,"646":0,"647":0,"648":0,"649":0,"650":0,"651":0,"652":0,"653":0,"654":0,"655":0,"656":0,"657":0,"658":0,"659":0,"660":0,"661":0,"662":0,"663":0,"664":0,"665":0,"666":0,"667":0,"668":0,"669":0,"670":0,"671":0,"672":0,"673":0,"674":0,"675":0,"676":0,"677":0,"678":0,"679":0,"680":0,"681":0,"682":0,"683":0,"684":0,"685":0,"686":0,"687":0,"688":0,"689":0,"690":0,"691":0,"692":0,"693":0,"694":0,"695":0,"696":0,"697":0,"698":0,"699":0,"700":0,"701":0,"702":0,"703":0,"704":0,"705":0,"706":0,"707":0,"708":0,"709":0,"710":0,"711":0,"712":0,"713":0,"714":0,"715":0,"716":0,"717":0,"718":0,"719":0,"720":0,"721":0,"722":0,"723":0,"724":0,"725":0,"726":0,"727":0,"728":0,"729":0,"730":0,"731":0,"732":0,"733":0,"734":0,"735":0,"736":0,"737":0,"738":0,"739":0,"740":0,"741":0,"742":0,"743":0,"744":0,"745":0,"746":0,"747":0,"748":0,"749":0,"750":0,"751":0,"752":0,"753":0,"754":0,"755":0,"756":0,"757":0,"758":0,"759":0,"760":0,"761":0,"762":0,"763":0,"764":0,"765":0,"766":0,"767":0,"768":0,"769":0,"770":0,"771":0,"772":0,"773":0,"774":0,"775":0,"776":0,"777":0,"778":0,"779":0,"780":0,"781":0,"782":0,"783":0,"784":0,"785":0,"786":0,"787":0,"788":0,"789":0,"790":0,"791":0,"792":0,"793":0,"794":0,"795":0,"796":0,"797":0,"798":0,"799":0,"800":0,"801":0,"802":0,"803":0,"804":0},"f":{"0":3,"1":3,"2":0,"3":0,"4":0,"5":0,"6":0,"7":0,"8":3,"9":0,"10":0,"11":0,"12":0,"13":0,"14":0,"15":0,"16":0,"17":0,"18":0,"19":0,"20":0,"21":0,"22":0,"23":0,"24":0,"25":0,"26":0,"27":0,"28":0,"29":0,"30":0,"31":0,"32":0,"33":0,"34":0,"35":0,"36":0,"37":0,"38":0,"39":0,"40":0,"41":0,"42":0,"43":0,"44":0,"45":0,"46":0,"47":0,"48":0,"49":0,"50":0,"51":0,"52":0,"53":0,"54":0,"55":0,"56":0,"57":0,"58":0,"59":0,"60":0,"61":0,"62":0,"63":0,"64":0,"65":0,"66":0,"67":0,"68":0,"69":0,"70":0,"71":0,"72":0,"73":0,"74":0,"75":0,"76":0,"77":0,"78":0,"79":0,"80":0,"81":0,"82":0,"83":0,"84":0,"85":0,"86":0,"87":0,"88":0,"89":0,"90":3,"91":3,"92":3,"93":3,"94":0,"95":0,"96":0,"97":0,"98":0,"99":0,"100":0,"101":0,"102":0,"103":0,"104":0,"105":0,"106":0,"107":0,"108":0,"109":0,"110":0,"111":0,"112":0,"113":0,"114":0,"115":3,"116":0,"117":0,"118":0,"119":0,"120":0,"121":0,"122":0,"123":0,"124":0,"125":2232,"126":393,"127":0,"128":0,"129":3,"130":0,"131":0,"132":0,"133":0,"134":0,"135":0,"136":0,"137":0,"138":0,"139":0,"140":0,"141":2262,"142":393,"143":0,"144":0,"145":0,"146":0,"147":0,"148":0,"149":0,"150":0,"151":0,"152":0,"153":0,"154":0,"155":0,"156":0,"157":0,"158":0,"159":0,"160":0,"161":0,"162":0,"163":0,"164":0,"165":0,"166":0,"167":0,"168":0,"169":0,"170":0,"171":0,"172":0,"173":0,"174":0,"175":0,"176":0,"177":0,"178":0,"179":0,"180":0,"181":0,"182":0,"183":0,"184":0,"185":0,"186":0,"187":0,"188":0,"189":0,"190":0,"191":0,"192":0,"193":0,"194":0,"195":0,"196":0,"197":0,"198":0,"199":0,"200":0,"201":0,"202":0,"203":0,"204":0,"205":0,"206":0,"207":0,"208":0,"209":0,"210":0,"211":0,"212":0,"213":0,"214":0,"215":0,"216":0,"217":0,"218":0,"219":0,"220":0,"221":0,"222":0,"223":0,"224":0,"225":0,"226":0,"227":0,"228":0,"229":0,"230":0,"231":0,"232":0,"233":0,"234":0,"235":0,"236":0,"237":0,"238":0,"239":0,"240":0,"241":0},"b":{"0":[0,0],"1":[0,0],"2":[0,0],"3":[0,0],"4":[0,0],"5":[0,0],"6":[0,0],"7":[0,0],"8":[0,0],"9":[0,0],"10":[0,0],"11":[0,0],"12":[0,0],"13":[0,0],"14":[0,0],"15":[0,0],"16":[0,0],"17":[0,0],"18":[0,0],"19":[0,0],"20":[0,0],"21":[0,0],"22":[0,0],"23":[0],"24":[0,0],"25":[0,0],"26":[0,0],"27":[0,0],"28":[0,0],"29":[0,0],"30":[0,0],"31":[0,0],"32":[0,0],"33":[0,0],"34":[0,0],"35":[0,0],"36":[0,0],"37":[0,0],"38":[0,0],"39":[0],"40":[0,0],"41":[0,0],"42":[0,0],"43":[0,0],"44":[0,0],"45":[0,0],"46":[0,0],"47":[0,0],"48":[0,0],"49":[0,0],"50":[0,0],"51":[0,0],"52":[0,0],"53":[0,0],"54":[0,0],"55":[0,0],"56":[0,0],"57":[0,0],"58":[0,0],"59":[0,0],"60":[0,0,0,0,0],"61":[0,0],"62":[0,0],"63":[0,0,0,0,0],"64":[0,0],"65":[0,0],"66":[0,0],"67":[0,0],"68":[0,0],"69":[0,0],"70":[0,0],"71":[0,0],"72":[0,0],"73":[0,0],"74":[0,0],"75":[0,0],"76":[0,0],"77":[0,0],"78":[0,0,0,0],"79":[0,0],"80":[0,0,0,0],"81":[0,0],"82":[0,0],"83":[0,0],"84":[0,0],"85":[0,0],"86":[0,0],"87":[0,0],"88":[0,0,0],"89":[0,0],"90":[0,0],"91":[0,0],"92":[0,0],"93":[0,0],"94":[0,0],"95":[0,0],"96":[0,0],"97":[0,0],"98":[0,0],"99":[0,0],"100":[0,0],"101":[0,0,0],"102":[0,0],"103":[0,0,0,0],"104":[0,0],"105":[0,0],"106":[0,0],"107":[0,0],"108":[0,0],"109":[0,0],"110":[0,0],"111":[0,0],"112":[0,0,0,0],"113":[0,0],"114":[0,0],"115":[0,0],"116":[0,0],"117":[0,0],"118":[0,0],"119":[0,0],"120":[0,0],"121":[0,0],"122":[0,0],"123":[0,0],"124":[0,0],"125":[0,0],"126":[0,0],"127":[0,0],"128":[0,0],"129":[0,0],"130":[0,0],"131":[0,0],"132":[0,0],"133":[0,0],"134":[0,0],"135":[0,0],"136":[0,0],"137":[0,0],"138":[0,0],"139":[0,3],"140":[3,3],"141":[3],"142":[0,3],"143":[3,0],"144":[3,0],"145":[3,0],"146":[0,3],"147":[3,0],"148":[0,0],"149":[0,0],"150":[0,0],"151":[0,3],"152":[3,0],"153":[0,0],"154":[0,0],"155":[0,3],"156":[3,0],"157":[3,3],"158":[0,3],"159":[3,3],"160":[0,0],"161":[0,0],"162":[0,0],"163":[0,3],"164":[0,0],"165":[0,0],"166":[0,0],"167":[0,0],"168":[0,0],"169":[0,0],"170":[0,0],"171":[0,0],"172":[0,0],"173":[0,0],"174":[0,0],"175":[0,0],"176":[0,0],"177":[0,0],"178":[0,0],"179":[0,0],"180":[0,0],"181":[0,0],"182":[0,0],"183":[0,0],"184":[0,0],"185":[0,0],"186":[0,0],"187":[0,0],"188":[0,0],"189":[0,0],"190":[0,0],"191":[0,0],"192":[0,0],"193":[0,0],"194":[0,0],"195":[0,0],"196":[0,0],"197":[0,0],"198":[0,0],"199":[0,0],"200":[0,0],"201":[0,0],"202":[0,0],"203":[0,0],"204":[0,0],"205":[0,0],"206":[0,0],"207":[0,0],"208":[0,0],"209":[0,0],"210":[0,0],"211":[0,0],"212":[0,0],"213":[0,0],"214":[0,0],"215":[0,0],"216":[0,0],"217":[0,0],"218":[0,0],"219":[0,0],"220":[3,0],"221":[0,3],"222":[0,3],"223":[3,0],"224":[3,0],"225":[3,0],"226":[3,0],"227":[0,0],"228":[3,0],"229":[0,0],"230":[0,0],"231":[3,0],"232":[0,0],"233":[0,0],"234":[0,0],"235":[3,0],"236":[0,3],"237":[0,0],"238":[3,0],"239":[3,0],"240":[3,3],"241":[0,3],"242":[0,0],"243":[3,0],"244":[3,0],"245":[3,3],"246":[0,0],"247":[3,0],"248":[0,0],"249":[0,0],"250":[3,3],"251":[0,0],"252":[3,3],"253":[0,0],"254":[0,0],"255":[3,3],"256":[0,0],"257":[3,3],"258":[0,0],"259":[3,0],"260":[0,0],"261":[0,0],"262":[0,0],"263":[0,0],"264":[0,0],"265":[0,0],"266":[0,0],"267":[0,0],"268":[0,0],"269":[0,0],"270":[0,0],"271":[0,0],"272":[0,0],"273":[0,0],"274":[0,0],"275":[0,0],"276":[0,0],"277":[0,0],"278":[0,0],"279":[0,0],"280":[0,0],"281":[0,0],"282":[0,0],"283":[0,0],"284":[3,0,0],"285":[0,0],"286":[3,0],"287":[3,0],"288":[0,0],"289":[0,0],"290":[0,0],"291":[0,0],"292":[0,0],"293":[0,0],"294":[0,0],"295":[0,0],"296":[0,0],"297":[0,0],"298":[0,0],"299":[0,0],"300":[0,0],"301":[0,0],"302":[0,0],"303":[0,0],"304":[0,0],"305":[0,0],"306":[0,0],"307":[0,0],"308":[0,0],"309":[0,0],"310":[0,0],"311":[0,0],"312":[0,0],"313":[0,0],"314":[0,0],"315":[0,0],"316":[0,0],"317":[0,0],"318":[0,0],"319":[0,0],"320":[0,0],"321":[0,0]},"_coverageSchema":"1a1c01bbd47fc00a2c39e90264f33305004495a9","hash":"985287160193e8559ffcaee5dcf022eae4ef6b8d"}
,"/Users/thomas/Documents/GitHub/homepage-config-editor/homepage-config-gui/src/index.js": {"path":"/Users/thomas/Documents/GitHub/homepage-config-editor/homepage-config-gui/src/index.js","statementMap":{"0":{"start":{"line":7,"column":13},"end":{"line":7,"column":65}},"1":{"start":{"line":8,"column":0},"end":{"line":12,"column":2}},"2":{"start":{"line":17,"column":0},"end":{"line":17,"column":18}}},"fnMap":{},"branchMap":{},"s":{"0":0,"1":0,"2":0},"f":{},"b":{}}
,"/Users/thomas/Documents/GitHub/homepage-config-editor/homepage-config-gui/src/reportWebVitals.js": {"path":"/Users/thomas/Documents/GitHub/homepage-config-editor/homepage-config-gui/src/reportWebVitals.js","statementMap":{"0":{"start":{"line":1,"column":24},"end":{"line":11,"column":1}},"1":{"start":{"line":2,"column":2},"end":{"line":10,"column":3}},"2":{"start":{"line":3,"column":4},"end":{"line":9,"column":7}},"3":{"start":{"line":4,"column":6},"end":{"line":4,"column":26}},"4":{"start":{"line":5,"column":6},"end":{"line":5,"column":26}},"5":{"start":{"line":6,"column":6},"end":{"line":6,"column":26}},"6":{"start":{"line":7,"column":6},"end":{"line":7,"column":26}},"7":{"start":{"line":8,"column":6},"end":{"line":8,"column":27}}},"fnMap":{"0":{"name":"(anonymous_0)","decl":{"start":{"line":1,"column":24},"end":{"line":1,"column":25}},"loc":{"start":{"line":1,"column":39},"end":{"line":11,"column":1}},"line":1},"1":{"name":"(anonymous_1)","decl":{"start":{"line":3,"column":30},"end":{"line":3,"column":31}},"loc":{"start":{"line":3,"column":79},"end":{"line":9,"column":5}},"line":3}},"branchMap":{"0":{"loc":{"start":{"line":2,"column":2},"end":{"line":10,"column":3}},"type":"if","locations":[{"start":{"line":2,"column":2},"end":{"line":10,"column":3}},{"start":{},"end":{}}],"line":2},"1":{"loc":{"start":{"line":2,"column":6},"end":{"line":2,"column":52}},"type":"binary-expr","locations":[{"start":{"line":2,"column":6},"end":{"line":2,"column":17}},{"start":{"line":2,"column":21},"end":{"line":2,"column":52}}],"line":2}},"s":{"0":0,"1":0,"2":0,"3":0,"4":0,"5":0,"6":0,"7":0},"f":{"0":0,"1":0},"b":{"0":[0,0],"1":[0,0]}}
}
