TN:
SF:src/App.js
FN:4,(anonymous_0)
FN:1023,(anonymous_1)
FN:1035,(anonymous_2)
FN:1040,(anonymous_3)
FN:1065,(anonymous_4)
FN:1088,(anonymous_5)
FN:1137,(anonymous_6)
FN:1152,(anonymous_7)
FN:1176,(anonymous_8)
FN:1180,(anonymous_9)
FN:1187,(anonymous_10)
FN:1194,(anonymous_11)
FN:1208,(anonymous_12)
FN:1210,(anonymous_13)
FN:1219,(anonymous_14)
FN:1223,(anonymous_15)
FN:1227,(anonymous_16)
FN:1231,(anonymous_17)
FN:1235,(anonymous_18)
FN:1236,(anonymous_19)
FN:1238,(anonymous_20)
FN:1244,(anonymous_21)
FN:1251,(anonymous_22)
FN:1253,(anonymous_23)
FN:1262,(anonymous_24)
FN:1263,(anonymous_25)
FN:1265,(anonymous_26)
FN:1269,(anonymous_27)
FN:1278,(anonymous_28)
FN:1279,(anonymous_29)
FN:1281,(anonymous_30)
FN:1285,(anonymous_31)
FN:1292,(anonymous_32)
FN:1306,(anonymous_33)
FN:1308,(anonymous_34)
FN:1312,(anonymous_35)
FN:1324,(anonymous_36)
FN:1325,(anonymous_37)
FN:1327,(anonymous_38)
FN:1329,(anonymous_39)
FN:1332,(anonymous_40)
FN:1334,(anonymous_41)
FN:1342,(anonymous_42)
FN:1343,(anonymous_43)
FN:1345,(anonymous_44)
FN:1349,(anonymous_45)
FN:1350,(anonymous_46)
FN:1352,(anonymous_47)
FN:1354,(anonymous_48)
FN:1355,(anonymous_49)
FN:1357,(anonymous_50)
FN:1363,(anonymous_51)
FN:1365,(anonymous_52)
FN:1398,(anonymous_53)
FN:1419,(anonymous_54)
FN:1541,(anonymous_55)
FN:1542,(anonymous_56)
FN:1542,(anonymous_57)
FN:1565,(anonymous_58)
FN:1608,(anonymous_59)
FN:1615,(anonymous_60)
FN:1636,(anonymous_61)
FN:1650,(anonymous_62)
FN:1652,(anonymous_63)
FN:1658,(anonymous_64)
FN:1661,(anonymous_65)
FN:1662,(anonymous_66)
FN:1663,(anonymous_67)
FN:1664,(anonymous_68)
FN:1669,(anonymous_69)
FN:1670,(anonymous_70)
FN:1671,(anonymous_71)
FN:1672,(anonymous_72)
FN:1685,(anonymous_73)
FN:1697,(anonymous_74)
FN:1708,(anonymous_75)
FN:1712,(anonymous_76)
FN:1713,(anonymous_77)
FN:1715,(anonymous_78)
FN:1717,(anonymous_79)
FN:1730,(anonymous_80)
FN:1731,(anonymous_81)
FN:1733,(anonymous_82)
FN:1735,(anonymous_83)
FN:1748,(anonymous_84)
FN:1749,(anonymous_85)
FN:1750,(anonymous_86)
FN:1761,(anonymous_87)
FN:1762,(anonymous_88)
FN:1763,(anonymous_89)
FN:1774,(anonymous_90)
FN:1780,(anonymous_91)
FN:1809,(anonymous_92)
FN:1816,(anonymous_93)
FN:1823,(anonymous_94)
FN:1829,(anonymous_95)
FN:1845,(anonymous_96)
FN:1885,(anonymous_97)
FN:1890,(anonymous_98)
FN:1898,(anonymous_99)
FN:1949,(anonymous_100)
FN:1949,(anonymous_101)
FN:1952,(anonymous_102)
FN:1982,(anonymous_103)
FN:1998,(anonymous_104)
FN:2005,(anonymous_105)
FN:2012,(anonymous_106)
FN:2015,(anonymous_107)
FN:2096,(anonymous_108)
FN:2107,(anonymous_109)
FN:2118,(anonymous_110)
FN:2146,(anonymous_111)
FN:2160,(anonymous_112)
FN:2203,(anonymous_113)
FN:2212,(anonymous_114)
FN:2257,(anonymous_115)
FN:2266,(anonymous_116)
FN:2267,(anonymous_117)
FN:2268,(anonymous_118)
FN:2275,(anonymous_119)
FN:2286,(anonymous_120)
FN:2298,(anonymous_121)
FN:2314,(anonymous_122)
FN:2323,(anonymous_123)
FN:2323,(anonymous_124)
FN:2328,(anonymous_125)
FN:2329,(anonymous_126)
FN:2334,(anonymous_127)
FN:2343,(anonymous_128)
FN:2353,(anonymous_129)
FN:2367,(anonymous_130)
FN:2368,(anonymous_131)
FN:2369,(anonymous_132)
FN:2376,(anonymous_133)
FN:2387,(anonymous_134)
FN:2399,(anonymous_135)
FN:2413,(anonymous_136)
FN:2428,(anonymous_137)
FN:2438,(anonymous_138)
FN:2448,(anonymous_139)
FN:2461,(anonymous_140)
FN:2469,(anonymous_141)
FN:2470,(anonymous_142)
FN:2479,(anonymous_143)
FN:2488,(anonymous_144)
FN:2507,(anonymous_145)
FN:2519,(anonymous_146)
FN:2534,(anonymous_147)
FN:2545,(anonymous_148)
FN:2559,(anonymous_149)
FN:2567,(anonymous_150)
FN:2568,(anonymous_151)
FN:2569,(anonymous_152)
FN:2576,(anonymous_153)
FN:2584,(anonymous_154)
FN:2593,(anonymous_155)
FN:2593,(anonymous_156)
FN:2598,(anonymous_157)
FN:2599,(anonymous_158)
FN:2604,(anonymous_159)
FN:2613,(anonymous_160)
FN:2624,(anonymous_161)
FN:2638,(anonymous_162)
FN:2639,(anonymous_163)
FN:2640,(anonymous_164)
FN:2647,(anonymous_165)
FN:2654,(anonymous_166)
FN:2669,(anonymous_167)
FN:2679,(anonymous_168)
FN:2691,(anonymous_169)
FN:2705,(anonymous_170)
FN:2711,(anonymous_171)
FN:2721,(anonymous_172)
FN:2735,(anonymous_173)
FN:2754,(anonymous_174)
FN:2766,(anonymous_175)
FN:2781,(anonymous_176)
FN:2792,(anonymous_177)
FN:2815,(anonymous_178)
FN:2827,(anonymous_179)
FN:2929,(anonymous_180)
FN:2929,(anonymous_181)
FN:2939,(anonymous_182)
FN:2939,(anonymous_183)
FN:2951,(anonymous_184)
FN:2951,(anonymous_185)
FN:2962,(anonymous_186)
FN:2962,(anonymous_187)
FN:2993,(anonymous_188)
FN:2993,(anonymous_189)
FN:3008,(anonymous_190)
FN:3008,(anonymous_191)
FN:3035,(anonymous_192)
FN:3035,(anonymous_193)
FN:3051,(anonymous_194)
FN:3051,(anonymous_195)
FN:3067,(anonymous_196)
FN:3067,(anonymous_197)
FN:3081,(anonymous_198)
FN:3081,(anonymous_199)
FN:3095,(anonymous_200)
FN:3095,(anonymous_201)
FN:3114,(anonymous_202)
FN:3114,(anonymous_203)
FN:3128,(anonymous_204)
FN:3128,(anonymous_205)
FN:3184,(anonymous_206)
FN:3200,(anonymous_207)
FN:3210,(anonymous_208)
FN:3211,(anonymous_209)
FN:3227,(anonymous_210)
FN:3250,(anonymous_211)
FN:3269,(anonymous_212)
FN:3291,(anonymous_213)
FN:3305,(anonymous_214)
FN:3326,(anonymous_215)
FN:3339,(anonymous_216)
FN:3356,(anonymous_217)
FN:3371,(anonymous_218)
FN:3389,(anonymous_219)
FN:3410,(anonymous_220)
FN:3424,(anonymous_221)
FN:3444,(anonymous_222)
FN:3457,(anonymous_223)
FN:3470,(anonymous_224)
FN:3483,(anonymous_225)
FN:3505,(anonymous_226)
FN:3517,(anonymous_227)
FN:3536,(anonymous_228)
FN:3549,(anonymous_229)
FN:3570,(anonymous_230)
FN:3584,(anonymous_231)
FN:3601,(anonymous_232)
FN:3615,(anonymous_233)
FN:3636,(anonymous_234)
FN:3649,(anonymous_235)
FN:3669,(anonymous_236)
FN:3682,(anonymous_237)
FN:3695,(anonymous_238)
FN:3708,(anonymous_239)
FN:3723,(anonymous_240)
FN:3740,(anonymous_241)
FNF:242
FNH:13
FNDA:3,(anonymous_0)
FNDA:3,(anonymous_1)
FNDA:0,(anonymous_2)
FNDA:0,(anonymous_3)
FNDA:0,(anonymous_4)
FNDA:0,(anonymous_5)
FNDA:0,(anonymous_6)
FNDA:0,(anonymous_7)
FNDA:3,(anonymous_8)
FNDA:0,(anonymous_9)
FNDA:0,(anonymous_10)
FNDA:0,(anonymous_11)
FNDA:0,(anonymous_12)
FNDA:0,(anonymous_13)
FNDA:0,(anonymous_14)
FNDA:0,(anonymous_15)
FNDA:0,(anonymous_16)
FNDA:0,(anonymous_17)
FNDA:0,(anonymous_18)
FNDA:0,(anonymous_19)
FNDA:0,(anonymous_20)
FNDA:0,(anonymous_21)
FNDA:0,(anonymous_22)
FNDA:0,(anonymous_23)
FNDA:0,(anonymous_24)
FNDA:0,(anonymous_25)
FNDA:0,(anonymous_26)
FNDA:0,(anonymous_27)
FNDA:0,(anonymous_28)
FNDA:0,(anonymous_29)
FNDA:0,(anonymous_30)
FNDA:0,(anonymous_31)
FNDA:0,(anonymous_32)
FNDA:0,(anonymous_33)
FNDA:0,(anonymous_34)
FNDA:0,(anonymous_35)
FNDA:0,(anonymous_36)
FNDA:0,(anonymous_37)
FNDA:0,(anonymous_38)
FNDA:0,(anonymous_39)
FNDA:0,(anonymous_40)
FNDA:0,(anonymous_41)
FNDA:0,(anonymous_42)
FNDA:0,(anonymous_43)
FNDA:0,(anonymous_44)
FNDA:0,(anonymous_45)
FNDA:0,(anonymous_46)
FNDA:0,(anonymous_47)
FNDA:0,(anonymous_48)
FNDA:0,(anonymous_49)
FNDA:0,(anonymous_50)
FNDA:0,(anonymous_51)
FNDA:0,(anonymous_52)
FNDA:0,(anonymous_53)
FNDA:0,(anonymous_54)
FNDA:0,(anonymous_55)
FNDA:0,(anonymous_56)
FNDA:0,(anonymous_57)
FNDA:0,(anonymous_58)
FNDA:0,(anonymous_59)
FNDA:0,(anonymous_60)
FNDA:0,(anonymous_61)
FNDA:0,(anonymous_62)
FNDA:0,(anonymous_63)
FNDA:0,(anonymous_64)
FNDA:0,(anonymous_65)
FNDA:0,(anonymous_66)
FNDA:0,(anonymous_67)
FNDA:0,(anonymous_68)
FNDA:0,(anonymous_69)
FNDA:0,(anonymous_70)
FNDA:0,(anonymous_71)
FNDA:0,(anonymous_72)
FNDA:0,(anonymous_73)
FNDA:0,(anonymous_74)
FNDA:0,(anonymous_75)
FNDA:0,(anonymous_76)
FNDA:0,(anonymous_77)
FNDA:0,(anonymous_78)
FNDA:0,(anonymous_79)
FNDA:0,(anonymous_80)
FNDA:0,(anonymous_81)
FNDA:0,(anonymous_82)
FNDA:0,(anonymous_83)
FNDA:0,(anonymous_84)
FNDA:0,(anonymous_85)
FNDA:0,(anonymous_86)
FNDA:0,(anonymous_87)
FNDA:0,(anonymous_88)
FNDA:0,(anonymous_89)
FNDA:3,(anonymous_90)
FNDA:3,(anonymous_91)
FNDA:3,(anonymous_92)
FNDA:3,(anonymous_93)
FNDA:0,(anonymous_94)
FNDA:0,(anonymous_95)
FNDA:0,(anonymous_96)
FNDA:0,(anonymous_97)
FNDA:0,(anonymous_98)
FNDA:0,(anonymous_99)
FNDA:0,(anonymous_100)
FNDA:0,(anonymous_101)
FNDA:0,(anonymous_102)
FNDA:0,(anonymous_103)
FNDA:0,(anonymous_104)
FNDA:0,(anonymous_105)
FNDA:0,(anonymous_106)
FNDA:0,(anonymous_107)
FNDA:0,(anonymous_108)
FNDA:0,(anonymous_109)
FNDA:0,(anonymous_110)
FNDA:0,(anonymous_111)
FNDA:0,(anonymous_112)
FNDA:0,(anonymous_113)
FNDA:0,(anonymous_114)
FNDA:3,(anonymous_115)
FNDA:0,(anonymous_116)
FNDA:0,(anonymous_117)
FNDA:0,(anonymous_118)
FNDA:0,(anonymous_119)
FNDA:0,(anonymous_120)
FNDA:0,(anonymous_121)
FNDA:0,(anonymous_122)
FNDA:0,(anonymous_123)
FNDA:0,(anonymous_124)
FNDA:2232,(anonymous_125)
FNDA:393,(anonymous_126)
FNDA:0,(anonymous_127)
FNDA:0,(anonymous_128)
FNDA:3,(anonymous_129)
FNDA:0,(anonymous_130)
FNDA:0,(anonymous_131)
FNDA:0,(anonymous_132)
FNDA:0,(anonymous_133)
FNDA:0,(anonymous_134)
FNDA:0,(anonymous_135)
FNDA:0,(anonymous_136)
FNDA:0,(anonymous_137)
FNDA:0,(anonymous_138)
FNDA:0,(anonymous_139)
FNDA:0,(anonymous_140)
FNDA:2262,(anonymous_141)
FNDA:393,(anonymous_142)
FNDA:0,(anonymous_143)
FNDA:0,(anonymous_144)
FNDA:0,(anonymous_145)
FNDA:0,(anonymous_146)
FNDA:0,(anonymous_147)
FNDA:0,(anonymous_148)
FNDA:0,(anonymous_149)
FNDA:0,(anonymous_150)
FNDA:0,(anonymous_151)
FNDA:0,(anonymous_152)
FNDA:0,(anonymous_153)
FNDA:0,(anonymous_154)
FNDA:0,(anonymous_155)
FNDA:0,(anonymous_156)
FNDA:0,(anonymous_157)
FNDA:0,(anonymous_158)
FNDA:0,(anonymous_159)
FNDA:0,(anonymous_160)
FNDA:0,(anonymous_161)
FNDA:0,(anonymous_162)
FNDA:0,(anonymous_163)
FNDA:0,(anonymous_164)
FNDA:0,(anonymous_165)
FNDA:0,(anonymous_166)
FNDA:0,(anonymous_167)
FNDA:0,(anonymous_168)
FNDA:0,(anonymous_169)
FNDA:0,(anonymous_170)
FNDA:0,(anonymous_171)
FNDA:0,(anonymous_172)
FNDA:0,(anonymous_173)
FNDA:0,(anonymous_174)
FNDA:0,(anonymous_175)
FNDA:0,(anonymous_176)
FNDA:0,(anonymous_177)
FNDA:0,(anonymous_178)
FNDA:0,(anonymous_179)
FNDA:0,(anonymous_180)
FNDA:0,(anonymous_181)
FNDA:0,(anonymous_182)
FNDA:0,(anonymous_183)
FNDA:0,(anonymous_184)
FNDA:0,(anonymous_185)
FNDA:0,(anonymous_186)
FNDA:0,(anonymous_187)
FNDA:0,(anonymous_188)
FNDA:0,(anonymous_189)
FNDA:0,(anonymous_190)
FNDA:0,(anonymous_191)
FNDA:0,(anonymous_192)
FNDA:0,(anonymous_193)
FNDA:0,(anonymous_194)
FNDA:0,(anonymous_195)
FNDA:0,(anonymous_196)
FNDA:0,(anonymous_197)
FNDA:0,(anonymous_198)
FNDA:0,(anonymous_199)
FNDA:0,(anonymous_200)
FNDA:0,(anonymous_201)
FNDA:0,(anonymous_202)
FNDA:0,(anonymous_203)
FNDA:0,(anonymous_204)
FNDA:0,(anonymous_205)
FNDA:0,(anonymous_206)
FNDA:0,(anonymous_207)
FNDA:0,(anonymous_208)
FNDA:0,(anonymous_209)
FNDA:0,(anonymous_210)
FNDA:0,(anonymous_211)
FNDA:0,(anonymous_212)
FNDA:0,(anonymous_213)
FNDA:0,(anonymous_214)
FNDA:0,(anonymous_215)
FNDA:0,(anonymous_216)
FNDA:0,(anonymous_217)
FNDA:0,(anonymous_218)
FNDA:0,(anonymous_219)
FNDA:0,(anonymous_220)
FNDA:0,(anonymous_221)
FNDA:0,(anonymous_222)
FNDA:0,(anonymous_223)
FNDA:0,(anonymous_224)
FNDA:0,(anonymous_225)
FNDA:0,(anonymous_226)
FNDA:0,(anonymous_227)
FNDA:0,(anonymous_228)
FNDA:0,(anonymous_229)
FNDA:0,(anonymous_230)
FNDA:0,(anonymous_231)
FNDA:0,(anonymous_232)
FNDA:0,(anonymous_233)
FNDA:0,(anonymous_234)
FNDA:0,(anonymous_235)
FNDA:0,(anonymous_236)
FNDA:0,(anonymous_237)
FNDA:0,(anonymous_238)
FNDA:0,(anonymous_239)
FNDA:0,(anonymous_240)
FNDA:0,(anonymous_241)
DA:4,1
DA:5,3
DA:6,3
DA:7,3
DA:8,3
DA:11,3
DA:17,3
DA:18,3
DA:20,3
DA:959,3
DA:980,3
DA:1001,3
DA:1002,3
DA:1005,3
DA:1023,3
DA:1024,3
DA:1025,3
DA:1026,0
DA:1027,0
DA:1033,0
DA:1035,0
DA:1036,0
DA:1040,3
DA:1041,0
DA:1043,0
DA:1044,0
DA:1045,0
DA:1047,0
DA:1049,0
DA:1052,0
DA:1053,0
DA:1056,0
DA:1059,0
DA:1060,0
DA:1061,0
DA:1062,0
DA:1063,0
DA:1064,0
DA:1065,0
DA:1066,0
DA:1067,0
DA:1068,0
DA:1071,0
DA:1072,0
DA:1074,0
DA:1075,0
DA:1079,0
DA:1081,0
DA:1082,0
DA:1084,0
DA:1088,3
DA:1089,0
DA:1091,0
DA:1092,0
DA:1095,0
DA:1096,0
DA:1097,0
DA:1098,0
DA:1099,0
DA:1100,0
DA:1103,0
DA:1104,0
DA:1105,0
DA:1108,0
DA:1116,0
DA:1117,0
DA:1118,0
DA:1121,0
DA:1122,0
DA:1123,0
DA:1126,0
DA:1128,0
DA:1130,0
DA:1131,0
DA:1133,0
DA:1137,3
DA:1138,0
DA:1140,0
DA:1141,0
DA:1142,0
DA:1143,0
DA:1144,0
DA:1147,0
DA:1152,3
DA:1153,0
DA:1155,0
DA:1156,0
DA:1160,0
DA:1161,0
DA:1162,0
DA:1163,0
DA:1165,0
DA:1166,0
DA:1167,0
DA:1170,0
DA:1171,0
DA:1176,3
DA:1177,3
DA:1180,3
DA:1181,0
DA:1187,0
DA:1191,0
DA:1194,3
DA:1195,0
DA:1208,0
DA:1211,0
DA:1216,0
DA:1219,3
DA:1220,0
DA:1221,0
DA:1222,0
DA:1223,0
DA:1227,3
DA:1228,0
DA:1229,0
DA:1230,0
DA:1231,0
DA:1235,3
DA:1236,0
DA:1239,0
DA:1244,3
DA:1245,0
DA:1251,0
DA:1254,0
DA:1259,0
DA:1262,3
DA:1263,0
DA:1266,0
DA:1270,0
DA:1278,3
DA:1279,0
DA:1282,0
DA:1285,0
DA:1292,3
DA:1293,0
DA:1306,0
DA:1309,0
DA:1313,0
DA:1321,0
DA:1324,3
DA:1325,0
DA:1327,0
DA:1330,0
DA:1332,0
DA:1335,0
DA:1342,3
DA:1343,0
DA:1345,0
DA:1349,3
DA:1350,0
DA:1352,0
DA:1354,0
DA:1355,0
DA:1357,0
DA:1363,3
DA:1365,0
DA:1366,0
DA:1398,0
DA:1399,0
DA:1401,0
DA:1404,0
DA:1405,0
DA:1409,0
DA:1410,0
DA:1411,0
DA:1415,0
DA:1419,0
DA:1421,0
DA:1422,0
DA:1423,0
DA:1424,0
DA:1425,0
DA:1426,0
DA:1427,0
DA:1428,0
DA:1429,0
DA:1431,0
DA:1432,0
DA:1433,0
DA:1435,0
DA:1438,0
DA:1441,0
DA:1442,0
DA:1443,0
DA:1444,0
DA:1449,0
DA:1450,0
DA:1451,0
DA:1452,0
DA:1458,0
DA:1459,0
DA:1460,0
DA:1461,0
DA:1462,0
DA:1466,0
DA:1467,0
DA:1468,0
DA:1470,0
DA:1472,0
DA:1474,0
DA:1479,0
DA:1480,0
DA:1481,0
DA:1484,0
DA:1495,0
DA:1496,0
DA:1498,0
DA:1501,0
DA:1502,0
DA:1507,0
DA:1508,0
DA:1509,0
DA:1510,0
DA:1512,0
DA:1513,0
DA:1514,0
DA:1515,0
DA:1516,0
DA:1517,0
DA:1518,0
DA:1519,0
DA:1520,0
DA:1521,0
DA:1522,0
DA:1523,0
DA:1524,0
DA:1525,0
DA:1526,0
DA:1527,0
DA:1528,0
DA:1529,0
DA:1530,0
DA:1533,0
DA:1534,0
DA:1535,0
DA:1541,0
DA:1542,0
DA:1543,0
DA:1544,0
DA:1547,0
DA:1548,0
DA:1551,0
DA:1552,0
DA:1557,0
DA:1559,0
DA:1560,0
DA:1565,3
DA:1566,0
DA:1567,0
DA:1568,0
DA:1569,0
DA:1571,0
DA:1572,0
DA:1573,0
DA:1575,0
DA:1577,0
DA:1578,0
DA:1579,0
DA:1585,0
DA:1587,0
DA:1589,0
DA:1590,0
DA:1591,0
DA:1600,0
DA:1605,0
DA:1608,3
DA:1609,0
DA:1610,0
DA:1613,0
DA:1614,0
DA:1615,0
DA:1620,0
DA:1621,0
DA:1622,0
DA:1623,0
DA:1624,0
DA:1628,0
DA:1629,0
DA:1630,0
DA:1631,0
DA:1632,0
DA:1635,0
DA:1636,0
DA:1637,0
DA:1638,0
DA:1639,0
DA:1640,0
DA:1643,0
DA:1645,0
DA:1646,0
DA:1647,0
DA:1650,0
DA:1651,0
DA:1652,0
DA:1653,0
DA:1655,0
DA:1658,0
DA:1661,0
DA:1662,0
DA:1663,0
DA:1664,0
DA:1666,0
DA:1669,0
DA:1670,0
DA:1671,0
DA:1672,0
DA:1674,0
DA:1677,0
DA:1678,0
DA:1679,0
DA:1680,0
DA:1681,0
DA:1682,0
DA:1684,0
DA:1685,0
DA:1687,0
DA:1688,0
DA:1691,0
DA:1692,0
DA:1693,0
DA:1697,0
DA:1698,0
DA:1699,0
DA:1702,0
DA:1705,0
DA:1708,3
DA:1709,0
DA:1712,3
DA:1713,0
DA:1716,0
DA:1717,0
DA:1718,0
DA:1719,0
DA:1720,0
DA:1722,0
DA:1725,0
DA:1730,3
DA:1731,0
DA:1734,0
DA:1735,0
DA:1736,0
DA:1737,0
DA:1738,0
DA:1740,0
DA:1743,0
DA:1748,3
DA:1749,0
DA:1750,0
DA:1751,0
DA:1752,0
DA:1753,0
DA:1755,0
DA:1757,0
DA:1761,3
DA:1762,0
DA:1763,0
DA:1764,0
DA:1765,0
DA:1766,0
DA:1768,0
DA:1770,0
DA:1774,3
DA:1775,3
DA:1776,0
DA:1780,3
DA:1781,3
DA:1783,3
DA:1784,3
DA:1785,3
DA:1786,3
DA:1789,3
DA:1790,0
DA:1791,0
DA:1792,0
DA:1793,0
DA:1797,3
DA:1798,0
DA:1799,0
DA:1800,0
DA:1801,0
DA:1804,3
DA:1808,3
DA:1809,3
DA:1810,3
DA:1812,3
DA:1815,3
DA:1816,3
DA:1817,3
DA:1822,3
DA:1823,0
DA:1824,0
DA:1826,0
DA:1828,0
DA:1829,0
DA:1830,0
DA:1837,3
DA:1838,0
DA:1842,3
DA:1845,3
DA:1846,0
DA:1847,0
DA:1850,0
DA:1853,0
DA:1854,0
DA:1855,0
DA:1856,0
DA:1857,0
DA:1858,0
DA:1859,0
DA:1860,0
DA:1863,0
DA:1864,0
DA:1865,0
DA:1866,0
DA:1869,0
DA:1872,0
DA:1873,0
DA:1874,0
DA:1875,0
DA:1877,0
DA:1878,0
DA:1882,0
DA:1885,3
DA:1886,0
DA:1887,0
DA:1890,0
DA:1891,0
DA:1892,0
DA:1895,0
DA:1898,0
DA:1899,0
DA:1901,0
DA:1902,0
DA:1903,0
DA:1906,0
DA:1907,0
DA:1908,0
DA:1909,0
DA:1910,0
DA:1912,0
DA:1913,0
DA:1917,0
DA:1918,0
DA:1919,0
DA:1920,0
DA:1921,0
DA:1922,0
DA:1926,0
DA:1927,0
DA:1928,0
DA:1929,0
DA:1930,0
DA:1931,0
DA:1932,0
DA:1933,0
DA:1937,0
DA:1938,0
DA:1939,0
DA:1940,0
DA:1941,0
DA:1945,0
DA:1946,0
DA:1947,0
DA:1948,0
DA:1949,0
DA:1950,0
DA:1951,0
DA:1952,0
DA:1953,0
DA:1957,0
DA:1961,0
DA:1962,0
DA:1963,0
DA:1964,0
DA:1965,0
DA:1966,0
DA:1967,0
DA:1968,0
DA:1969,0
DA:1974,0
DA:1975,0
DA:1979,0
DA:1982,3
DA:1983,0
DA:1986,0
DA:1989,0
DA:1990,0
DA:1991,0
DA:1992,0
DA:1993,0
DA:1994,0
DA:1995,0
DA:1998,3
DA:1999,0
DA:2000,0
DA:2003,0
DA:2004,0
DA:2005,0
DA:2006,0
DA:2009,0
DA:2010,0
DA:2011,0
DA:2012,0
DA:2014,0
DA:2015,0
DA:2019,3
DA:2080,3
DA:2096,0
DA:2107,0
DA:2118,0
DA:2146,0
DA:2160,0
DA:2203,0
DA:2212,0
DA:2258,3
DA:2266,0
DA:2267,0
DA:2268,0
DA:2275,0
DA:2286,0
DA:2298,0
DA:2314,0
DA:2323,0
DA:2328,2232
DA:2330,393
DA:2334,0
DA:2343,0
DA:2354,3
DA:2367,0
DA:2368,0
DA:2369,0
DA:2376,0
DA:2387,0
DA:2399,0
DA:2413,0
DA:2428,0
DA:2438,0
DA:2448,0
DA:2462,0
DA:2463,0
DA:2469,2262
DA:2471,393
DA:2479,0
DA:2488,0
DA:2507,0
DA:2519,0
DA:2534,0
DA:2545,0
DA:2560,0
DA:2567,0
DA:2568,0
DA:2569,0
DA:2576,0
DA:2584,0
DA:2593,0
DA:2598,0
DA:2600,0
DA:2604,0
DA:2613,0
DA:2625,0
DA:2638,0
DA:2639,0
DA:2640,0
DA:2647,0
DA:2654,0
DA:2669,0
DA:2679,0
DA:2691,0
DA:2705,0
DA:2712,0
DA:2721,0
DA:2735,0
DA:2754,0
DA:2766,0
DA:2781,0
DA:2792,0
DA:2815,0
DA:2827,0
DA:2929,0
DA:2939,0
DA:2951,0
DA:2962,0
DA:2993,0
DA:3008,0
DA:3035,0
DA:3051,0
DA:3067,0
DA:3081,0
DA:3095,0
DA:3114,0
DA:3128,0
DA:3185,0
DA:3201,0
DA:3202,0
DA:3203,0
DA:3211,0
DA:3212,0
DA:3228,0
DA:3229,0
DA:3230,0
DA:3251,0
DA:3252,0
DA:3256,0
DA:3270,0
DA:3271,0
DA:3275,0
DA:3292,0
DA:3293,0
DA:3294,0
DA:3306,0
DA:3307,0
DA:3308,0
DA:3327,0
DA:3328,0
DA:3329,0
DA:3340,0
DA:3341,0
DA:3342,0
DA:3357,0
DA:3358,0
DA:3359,0
DA:3372,0
DA:3373,0
DA:3374,0
DA:3390,0
DA:3391,0
DA:3392,0
DA:3411,0
DA:3412,0
DA:3413,0
DA:3425,0
DA:3426,0
DA:3427,0
DA:3445,0
DA:3446,0
DA:3447,0
DA:3458,0
DA:3459,0
DA:3460,0
DA:3471,0
DA:3472,0
DA:3473,0
DA:3484,0
DA:3485,0
DA:3486,0
DA:3506,0
DA:3507,0
DA:3508,0
DA:3518,0
DA:3519,0
DA:3520,0
DA:3537,0
DA:3538,0
DA:3539,0
DA:3550,0
DA:3551,0
DA:3552,0
DA:3571,0
DA:3572,0
DA:3573,0
DA:3585,0
DA:3586,0
DA:3587,0
DA:3602,0
DA:3603,0
DA:3604,0
DA:3616,0
DA:3617,0
DA:3618,0
DA:3637,0
DA:3638,0
DA:3639,0
DA:3650,0
DA:3651,0
DA:3652,0
DA:3670,0
DA:3671,0
DA:3672,0
DA:3683,0
DA:3684,0
DA:3685,0
DA:3696,0
DA:3697,0
DA:3698,0
DA:3709,0
DA:3710,0
DA:3711,0
DA:3724,0
DA:3725,0
DA:3726,0
DA:3741,0
DA:3752,0
LF:692
LH:76
BRDA:1030,0,0,0
BRDA:1030,0,1,0
BRDA:1041,1,0,0
BRDA:1041,1,1,0
BRDA:1047,2,0,0
BRDA:1047,2,1,0
BRDA:1052,3,0,0
BRDA:1052,3,1,0
BRDA:1059,4,0,0
BRDA:1059,4,1,0
BRDA:1062,5,0,0
BRDA:1062,5,1,0
BRDA:1062,6,0,0
BRDA:1062,6,1,0
BRDA:1064,7,0,0
BRDA:1064,7,1,0
BRDA:1066,8,0,0
BRDA:1066,8,1,0
BRDA:1067,9,0,0
BRDA:1067,9,1,0
BRDA:1089,10,0,0
BRDA:1089,10,1,0
BRDA:1095,11,0,0
BRDA:1095,11,1,0
BRDA:1097,12,0,0
BRDA:1097,12,1,0
BRDA:1099,13,0,0
BRDA:1099,13,1,0
BRDA:1103,14,0,0
BRDA:1103,14,1,0
BRDA:1103,15,0,0
BRDA:1103,15,1,0
BRDA:1116,16,0,0
BRDA:1116,16,1,0
BRDA:1118,17,0,0
BRDA:1118,17,1,0
BRDA:1138,18,0,0
BRDA:1138,18,1,0
BRDA:1142,19,0,0
BRDA:1142,19,1,0
BRDA:1153,20,0,0
BRDA:1153,20,1,0
BRDA:1160,21,0,0
BRDA:1160,21,1,0
BRDA:1166,22,0,0
BRDA:1166,22,1,0
BRDA:1194,23,0,0
BRDA:1195,24,0,0
BRDA:1195,24,1,0
BRDA:1211,25,0,0
BRDA:1211,25,1,0
BRDA:1216,26,0,0
BRDA:1216,26,1,0
BRDA:1221,27,0,0
BRDA:1221,27,1,0
BRDA:1221,28,0,0
BRDA:1221,28,1,0
BRDA:1229,29,0,0
BRDA:1229,29,1,0
BRDA:1229,30,0,0
BRDA:1229,30,1,0
BRDA:1239,31,0,0
BRDA:1239,31,1,0
BRDA:1254,32,0,0
BRDA:1254,32,1,0
BRDA:1255,33,0,0
BRDA:1255,33,1,0
BRDA:1266,34,0,0
BRDA:1266,34,1,0
BRDA:1269,35,0,0
BRDA:1269,35,1,0
BRDA:1270,36,0,0
BRDA:1270,36,1,0
BRDA:1282,37,0,0
BRDA:1282,37,1,0
BRDA:1285,38,0,0
BRDA:1285,38,1,0
BRDA:1292,39,0,0
BRDA:1293,40,0,0
BRDA:1293,40,1,0
BRDA:1309,41,0,0
BRDA:1309,41,1,0
BRDA:1312,42,0,0
BRDA:1312,42,1,0
BRDA:1313,43,0,0
BRDA:1313,43,1,0
BRDA:1321,44,0,0
BRDA:1321,44,1,0
BRDA:1330,45,0,0
BRDA:1330,45,1,0
BRDA:1332,46,0,0
BRDA:1332,46,1,0
BRDA:1335,47,0,0
BRDA:1335,47,1,0
BRDA:1355,48,0,0
BRDA:1355,48,1,0
BRDA:1399,49,0,0
BRDA:1399,49,1,0
BRDA:1399,50,0,0
BRDA:1399,50,1,0
BRDA:1404,51,0,0
BRDA:1404,51,1,0
BRDA:1409,52,0,0
BRDA:1409,52,1,0
BRDA:1411,53,0,0
BRDA:1411,53,1,0
BRDA:1435,54,0,0
BRDA:1435,54,1,0
BRDA:1435,55,0,0
BRDA:1435,55,1,0
BRDA:1441,56,0,0
BRDA:1441,56,1,0
BRDA:1443,57,0,0
BRDA:1443,57,1,0
BRDA:1443,58,0,0
BRDA:1443,58,1,0
BRDA:1449,59,0,0
BRDA:1449,59,1,0
BRDA:1449,60,0,0
BRDA:1449,60,1,0
BRDA:1449,60,2,0
BRDA:1449,60,3,0
BRDA:1449,60,4,0
BRDA:1451,61,0,0
BRDA:1451,61,1,0
BRDA:1466,62,0,0
BRDA:1466,62,1,0
BRDA:1466,63,0,0
BRDA:1466,63,1,0
BRDA:1466,63,2,0
BRDA:1466,63,3,0
BRDA:1466,63,4,0
BRDA:1468,64,0,0
BRDA:1468,64,1,0
BRDA:1470,65,0,0
BRDA:1470,65,1,0
BRDA:1472,66,0,0
BRDA:1472,66,1,0
BRDA:1495,67,0,0
BRDA:1495,67,1,0
BRDA:1507,68,0,0
BRDA:1507,68,1,0
BRDA:1507,69,0,0
BRDA:1507,69,1,0
BRDA:1512,70,0,0
BRDA:1512,70,1,0
BRDA:1512,71,0,0
BRDA:1512,71,1,0
BRDA:1516,72,0,0
BRDA:1516,72,1,0
BRDA:1516,73,0,0
BRDA:1516,73,1,0
BRDA:1520,74,0,0
BRDA:1520,74,1,0
BRDA:1520,75,0,0
BRDA:1520,75,1,0
BRDA:1521,76,0,0
BRDA:1521,76,1,0
BRDA:1522,77,0,0
BRDA:1522,77,1,0
BRDA:1522,78,0,0
BRDA:1522,78,1,0
BRDA:1522,78,2,0
BRDA:1522,78,3,0
BRDA:1523,79,0,0
BRDA:1523,79,1,0
BRDA:1523,80,0,0
BRDA:1523,80,1,0
BRDA:1523,80,2,0
BRDA:1523,80,3,0
BRDA:1524,81,0,0
BRDA:1524,81,1,0
BRDA:1524,82,0,0
BRDA:1524,82,1,0
BRDA:1525,83,0,0
BRDA:1525,83,1,0
BRDA:1525,84,0,0
BRDA:1525,84,1,0
BRDA:1526,85,0,0
BRDA:1526,85,1,0
BRDA:1526,86,0,0
BRDA:1526,86,1,0
BRDA:1527,87,0,0
BRDA:1527,87,1,0
BRDA:1527,88,0,0
BRDA:1527,88,1,0
BRDA:1527,88,2,0
BRDA:1528,89,0,0
BRDA:1528,89,1,0
BRDA:1528,90,0,0
BRDA:1528,90,1,0
BRDA:1529,91,0,0
BRDA:1529,91,1,0
BRDA:1530,92,0,0
BRDA:1530,92,1,0
BRDA:1533,93,0,0
BRDA:1533,93,1,0
BRDA:1533,94,0,0
BRDA:1533,94,1,0
BRDA:1534,95,0,0
BRDA:1534,95,1,0
BRDA:1535,96,0,0
BRDA:1535,96,1,0
BRDA:1542,97,0,0
BRDA:1542,97,1,0
BRDA:1543,98,0,0
BRDA:1543,98,1,0
BRDA:1543,99,0,0
BRDA:1543,99,1,0
BRDA:1547,100,0,0
BRDA:1547,100,1,0
BRDA:1547,101,0,0
BRDA:1547,101,1,0
BRDA:1547,101,2,0
BRDA:1551,102,0,0
BRDA:1551,102,1,0
BRDA:1551,103,0,0
BRDA:1551,103,1,0
BRDA:1551,103,2,0
BRDA:1551,103,3,0
BRDA:1573,104,0,0
BRDA:1573,104,1,0
BRDA:1573,105,0,0
BRDA:1573,105,1,0
BRDA:1575,106,0,0
BRDA:1575,106,1,0
BRDA:1578,107,0,0
BRDA:1578,107,1,0
BRDA:1587,108,0,0
BRDA:1587,108,1,0
BRDA:1587,109,0,0
BRDA:1587,109,1,0
BRDA:1590,110,0,0
BRDA:1590,110,1,0
BRDA:1610,111,0,0
BRDA:1610,111,1,0
BRDA:1615,112,0,0
BRDA:1615,112,1,0
BRDA:1615,112,2,0
BRDA:1615,112,3,0
BRDA:1620,113,0,0
BRDA:1620,113,1,0
BRDA:1628,114,0,0
BRDA:1628,114,1,0
BRDA:1639,115,0,0
BRDA:1639,115,1,0
BRDA:1639,116,0,0
BRDA:1639,116,1,0
BRDA:1645,117,0,0
BRDA:1645,117,1,0
BRDA:1645,118,0,0
BRDA:1645,118,1,0
BRDA:1651,119,0,0
BRDA:1651,119,1,0
BRDA:1652,120,0,0
BRDA:1652,120,1,0
BRDA:1653,121,0,0
BRDA:1653,121,1,0
BRDA:1658,122,0,0
BRDA:1658,122,1,0
BRDA:1662,123,0,0
BRDA:1662,123,1,0
BRDA:1663,124,0,0
BRDA:1663,124,1,0
BRDA:1664,125,0,0
BRDA:1664,125,1,0
BRDA:1670,126,0,0
BRDA:1670,126,1,0
BRDA:1671,127,0,0
BRDA:1671,127,1,0
BRDA:1672,128,0,0
BRDA:1672,128,1,0
BRDA:1678,129,0,0
BRDA:1678,129,1,0
BRDA:1680,130,0,0
BRDA:1680,130,1,0
BRDA:1681,131,0,0
BRDA:1681,131,1,0
BRDA:1692,132,0,0
BRDA:1692,132,1,0
BRDA:1716,133,0,0
BRDA:1716,133,1,0
BRDA:1718,134,0,0
BRDA:1718,134,1,0
BRDA:1734,135,0,0
BRDA:1734,135,1,0
BRDA:1736,136,0,0
BRDA:1736,136,1,0
BRDA:1751,137,0,0
BRDA:1751,137,1,0
BRDA:1764,138,0,0
BRDA:1764,138,1,0
BRDA:1775,139,0,0
BRDA:1775,139,1,3
BRDA:1775,140,0,3
BRDA:1775,140,1,3
BRDA:1780,141,0,3
BRDA:1781,142,0,0
BRDA:1781,142,1,3
BRDA:1784,143,0,3
BRDA:1784,143,1,0
BRDA:1785,144,0,3
BRDA:1785,144,1,0
BRDA:1786,145,0,3
BRDA:1786,145,1,0
BRDA:1789,146,0,0
BRDA:1789,146,1,3
BRDA:1789,147,0,3
BRDA:1789,147,1,0
BRDA:1791,148,0,0
BRDA:1791,148,1,0
BRDA:1792,149,0,0
BRDA:1792,149,1,0
BRDA:1793,150,0,0
BRDA:1793,150,1,0
BRDA:1797,151,0,0
BRDA:1797,151,1,3
BRDA:1797,152,0,3
BRDA:1797,152,1,0
BRDA:1800,153,0,0
BRDA:1800,153,1,0
BRDA:1801,154,0,0
BRDA:1801,154,1,0
BRDA:1810,155,0,0
BRDA:1810,155,1,3
BRDA:1815,156,0,3
BRDA:1815,156,1,0
BRDA:1815,157,0,3
BRDA:1815,157,1,3
BRDA:1822,158,0,0
BRDA:1822,158,1,3
BRDA:1822,159,0,3
BRDA:1822,159,1,3
BRDA:1824,160,0,0
BRDA:1824,160,1,0
BRDA:1828,161,0,0
BRDA:1828,161,1,0
BRDA:1828,162,0,0
BRDA:1828,162,1,0
BRDA:1837,163,0,0
BRDA:1837,163,1,3
BRDA:1846,164,0,0
BRDA:1846,164,1,0
BRDA:1853,165,0,0
BRDA:1853,165,1,0
BRDA:1854,166,0,0
BRDA:1854,166,1,0
BRDA:1858,167,0,0
BRDA:1858,167,1,0
BRDA:1872,168,0,0
BRDA:1872,168,1,0
BRDA:1872,169,0,0
BRDA:1872,169,1,0
BRDA:1874,170,0,0
BRDA:1874,170,1,0
BRDA:1877,171,0,0
BRDA:1877,171,1,0
BRDA:1886,172,0,0
BRDA:1886,172,1,0
BRDA:1886,173,0,0
BRDA:1886,173,1,0
BRDA:1891,174,0,0
BRDA:1891,174,1,0
BRDA:1901,175,0,0
BRDA:1901,175,1,0
BRDA:1902,176,0,0
BRDA:1902,176,1,0
BRDA:1906,177,0,0
BRDA:1906,177,1,0
BRDA:1907,178,0,0
BRDA:1907,178,1,0
BRDA:1909,179,0,0
BRDA:1909,179,1,0
BRDA:1910,180,0,0
BRDA:1910,180,1,0
BRDA:1912,181,0,0
BRDA:1912,181,1,0
BRDA:1913,182,0,0
BRDA:1913,182,1,0
BRDA:1917,183,0,0
BRDA:1917,183,1,0
BRDA:1918,184,0,0
BRDA:1918,184,1,0
BRDA:1919,185,0,0
BRDA:1919,185,1,0
BRDA:1920,186,0,0
BRDA:1920,186,1,0
BRDA:1921,187,0,0
BRDA:1921,187,1,0
BRDA:1922,188,0,0
BRDA:1922,188,1,0
BRDA:1926,189,0,0
BRDA:1926,189,1,0
BRDA:1927,190,0,0
BRDA:1927,190,1,0
BRDA:1928,191,0,0
BRDA:1928,191,1,0
BRDA:1933,192,0,0
BRDA:1933,192,1,0
BRDA:1937,193,0,0
BRDA:1937,193,1,0
BRDA:1938,194,0,0
BRDA:1938,194,1,0
BRDA:1939,195,0,0
BRDA:1939,195,1,0
BRDA:1940,196,0,0
BRDA:1940,196,1,0
BRDA:1941,197,0,0
BRDA:1941,197,1,0
BRDA:1945,198,0,0
BRDA:1945,198,1,0
BRDA:1946,199,0,0
BRDA:1946,199,1,0
BRDA:1947,200,0,0
BRDA:1947,200,1,0
BRDA:1948,201,0,0
BRDA:1948,201,1,0
BRDA:1950,202,0,0
BRDA:1950,202,1,0
BRDA:1957,203,0,0
BRDA:1957,203,1,0
BRDA:1961,204,0,0
BRDA:1961,204,1,0
BRDA:1962,205,0,0
BRDA:1962,205,1,0
BRDA:1963,206,0,0
BRDA:1963,206,1,0
BRDA:1964,207,0,0
BRDA:1964,207,1,0
BRDA:1966,208,0,0
BRDA:1966,208,1,0
BRDA:1967,209,0,0
BRDA:1967,209,1,0
BRDA:1968,210,0,0
BRDA:1968,210,1,0
BRDA:1969,211,0,0
BRDA:1969,211,1,0
BRDA:1974,212,0,0
BRDA:1974,212,1,0
BRDA:1983,213,0,0
BRDA:1983,213,1,0
BRDA:1984,214,0,0
BRDA:1984,214,1,0
BRDA:1986,215,0,0
BRDA:1986,215,1,0
BRDA:1987,216,0,0
BRDA:1987,216,1,0
BRDA:2000,217,0,0
BRDA:2000,217,1,0
BRDA:2001,218,0,0
BRDA:2001,218,1,0
BRDA:2003,219,0,0
BRDA:2003,219,1,0
BRDA:2098,220,0,3
BRDA:2098,220,1,0
BRDA:2109,221,0,0
BRDA:2109,221,1,3
BRDA:2120,222,0,0
BRDA:2120,222,1,3
BRDA:2140,223,0,3
BRDA:2140,223,1,0
BRDA:2154,224,0,3
BRDA:2154,224,1,0
BRDA:2172,225,0,3
BRDA:2172,225,1,0
BRDA:2195,226,0,3
BRDA:2195,226,1,0
BRDA:2195,227,0,0
BRDA:2195,227,1,0
BRDA:2199,228,0,3
BRDA:2199,228,1,0
BRDA:2209,229,0,0
BRDA:2209,229,1,0
BRDA:2218,230,0,0
BRDA:2218,230,1,0
BRDA:2225,231,0,3
BRDA:2225,231,1,0
BRDA:2228,232,0,0
BRDA:2228,232,1,0
BRDA:2229,233,0,0
BRDA:2229,233,1,0
BRDA:2232,234,0,0
BRDA:2232,234,1,0
BRDA:2242,235,0,3
BRDA:2242,235,1,0
BRDA:2262,236,0,0
BRDA:2262,236,1,3
BRDA:2268,237,0,0
BRDA:2268,237,1,0
BRDA:2289,238,0,3
BRDA:2289,238,1,0
BRDA:2301,239,0,3
BRDA:2301,239,1,0
BRDA:2322,240,0,3
BRDA:2322,240,1,3
BRDA:2363,241,0,0
BRDA:2363,241,1,3
BRDA:2369,242,0,0
BRDA:2369,242,1,0
BRDA:2390,243,0,3
BRDA:2390,243,1,0
BRDA:2402,244,0,3
BRDA:2402,244,1,0
BRDA:2460,245,0,3
BRDA:2460,245,1,3
BRDA:2462,246,0,0
BRDA:2462,246,1,0
BRDA:2474,247,0,3
BRDA:2474,247,1,0
BRDA:2478,248,0,0
BRDA:2478,248,1,0
BRDA:2487,249,0,0
BRDA:2487,249,1,0
BRDA:2506,250,0,3
BRDA:2506,250,1,3
BRDA:2508,251,0,0
BRDA:2508,251,1,0
BRDA:2518,252,0,3
BRDA:2518,252,1,3
BRDA:2520,253,0,0
BRDA:2520,253,1,0
BRDA:2520,254,0,0
BRDA:2520,254,1,0
BRDA:2533,255,0,3
BRDA:2533,255,1,3
BRDA:2535,256,0,0
BRDA:2535,256,1,0
BRDA:2544,257,0,3
BRDA:2544,257,1,3
BRDA:2546,258,0,0
BRDA:2546,258,1,0
BRDA:2559,259,0,3
BRDA:2559,259,1,0
BRDA:2563,260,0,0
BRDA:2563,260,1,0
BRDA:2569,261,0,0
BRDA:2569,261,1,0
BRDA:2592,262,0,0
BRDA:2592,262,1,0
BRDA:2634,263,0,0
BRDA:2634,263,1,0
BRDA:2640,264,0,0
BRDA:2640,264,1,0
BRDA:2668,265,0,0
BRDA:2668,265,1,0
BRDA:2678,266,0,0
BRDA:2678,266,1,0
BRDA:2690,267,0,0
BRDA:2690,267,1,0
BRDA:2704,268,0,0
BRDA:2704,268,1,0
BRDA:2706,269,0,0
BRDA:2706,269,1,0
BRDA:2720,270,0,0
BRDA:2720,270,1,0
BRDA:2722,271,0,0
BRDA:2722,271,1,0
BRDA:2729,272,0,0
BRDA:2729,272,1,0
BRDA:2734,273,0,0
BRDA:2734,273,1,0
BRDA:2753,274,0,0
BRDA:2753,274,1,0
BRDA:2755,275,0,0
BRDA:2755,275,1,0
BRDA:2765,276,0,0
BRDA:2765,276,1,0
BRDA:2767,277,0,0
BRDA:2767,277,1,0
BRDA:2767,278,0,0
BRDA:2767,278,1,0
BRDA:2780,279,0,0
BRDA:2780,279,1,0
BRDA:2782,280,0,0
BRDA:2782,280,1,0
BRDA:2791,281,0,0
BRDA:2791,281,1,0
BRDA:2793,282,0,0
BRDA:2793,282,1,0
BRDA:2803,283,0,0
BRDA:2803,283,1,0
BRDA:2823,284,0,3
BRDA:2823,284,1,0
BRDA:2823,284,2,0
BRDA:2823,285,0,0
BRDA:2823,285,1,0
BRDA:2838,286,0,3
BRDA:2838,286,1,0
BRDA:2864,287,0,3
BRDA:2864,287,1,0
BRDA:2915,288,0,0
BRDA:2915,288,1,0
BRDA:3152,289,0,0
BRDA:3152,289,1,0
BRDA:3243,290,0,0
BRDA:3243,290,1,0
BRDA:3249,291,0,0
BRDA:3249,291,1,0
BRDA:3268,292,0,0
BRDA:3268,292,1,0
BRDA:3290,293,0,0
BRDA:3290,293,1,0
BRDA:3304,294,0,0
BRDA:3304,294,1,0
BRDA:3318,295,0,0
BRDA:3318,295,1,0
BRDA:3325,296,0,0
BRDA:3325,296,1,0
BRDA:3338,297,0,0
BRDA:3338,297,1,0
BRDA:3355,298,0,0
BRDA:3355,298,1,0
BRDA:3370,299,0,0
BRDA:3370,299,1,0
BRDA:3388,300,0,0
BRDA:3388,300,1,0
BRDA:3402,301,0,0
BRDA:3402,301,1,0
BRDA:3409,302,0,0
BRDA:3409,302,1,0
BRDA:3412,303,0,0
BRDA:3412,303,1,0
BRDA:3423,304,0,0
BRDA:3423,304,1,0
BRDA:3482,305,0,0
BRDA:3482,305,1,0
BRDA:3497,306,0,0
BRDA:3497,306,1,0
BRDA:3504,307,0,0
BRDA:3504,307,1,0
BRDA:3516,308,0,0
BRDA:3516,308,1,0
BRDA:3548,309,0,0
BRDA:3548,309,1,0
BRDA:3562,310,0,0
BRDA:3562,310,1,0
BRDA:3569,311,0,0
BRDA:3569,311,1,0
BRDA:3572,312,0,0
BRDA:3572,312,1,0
BRDA:3583,313,0,0
BRDA:3583,313,1,0
BRDA:3600,314,0,0
BRDA:3600,314,1,0
BRDA:3628,315,0,0
BRDA:3628,315,1,0
BRDA:3635,316,0,0
BRDA:3635,316,1,0
BRDA:3648,317,0,0
BRDA:3648,317,1,0
BRDA:3668,318,0,0
BRDA:3668,318,1,0
BRDA:3681,319,0,0
BRDA:3681,319,1,0
BRDA:3694,320,0,0
BRDA:3694,320,1,0
BRDA:3707,321,0,0
BRDA:3707,321,1,0
BRF:658
BRH:53
end_of_record
TN:
SF:src/index.js
FNF:0
FNH:0
DA:7,0
DA:8,0
DA:17,0
LF:3
LH:0
BRF:0
BRH:0
end_of_record
TN:
SF:src/reportWebVitals.js
FN:1,(anonymous_0)
FN:3,(anonymous_1)
FNF:2
FNH:0
FNDA:0,(anonymous_0)
FNDA:0,(anonymous_1)
DA:1,0
DA:2,0
DA:3,0
DA:4,0
DA:5,0
DA:6,0
DA:7,0
DA:8,0
LF:8
LH:0
BRDA:2,0,0,0
BRDA:2,0,1,0
BRDA:2,1,0,0
BRDA:2,1,1,0
BRF:4
BRH:0
end_of_record
